18.05.2018 10:10:51 : WARN : Open() OPC server not connected!
18.05.2018 10:10:54 : WARN : Open() OPC server not connected!
18.05.2018 10:10:57 : WARN : Open() OPC server not connected!
18.05.2018 10:12:10 : WARN : Open() OPC server not connected!
18.05.2018 10:12:13 : WARN : Open() OPC server not connected!
18.05.2018 10:19:45 : WARN : Open() OPC server not connected!
18.05.2018 10:19:48 : WARN : Open() OPC server not connected!
18.05.2018 10:19:52 : WARN : Open() OPC server not connected!
18.05.2018 10:19:55 : WARN : Open() OPC server not connected!
18.05.2018 10:24:01 : WARN : Open() OPC server not connected!
18.05.2018 10:24:04 : WARN : Open() OPC server not connected!
18.05.2018 10:24:07 : WARN : Open() OPC server not connected!
18.05.2018 10:36:00 : WARN : Open() OPC server not connected!
18.05.2018 10:36:04 : WARN : Open() OPC server not connected!
18.05.2018 10:36:07 : WARN : Open() OPC server not connected!
18.05.2018 10:36:10 : WARN : Open() OPC server not connected!
18.05.2018 10:36:33 : WARN : Open() OPC server not connected!
18.05.2018 10:36:37 : WARN : Open() OPC server not connected!
18.05.2018 11:46:25 : WARN : Open() OPC server not connected!
18.05.2018 11:46:29 : WARN : Open() OPC server not connected!
18.05.2018 11:46:32 : WARN : Open() OPC server not connected!
18.05.2018 11:46:35 : WARN : Open() OPC server not connected!
18.05.2018 11:46:38 : WARN : Open() OPC server not connected!
18.05.2018 11:46:41 : WARN : Open() OPC server not connected!
18.05.2018 11:46:44 : WARN : Open() OPC server not connected!
18.05.2018 11:46:47 : WARN : Open() OPC server not connected!
18.05.2018 11:46:50 : WARN : Open() OPC server not connected!
18.05.2018 11:46:53 : WARN : Open() OPC server not connected!
18.05.2018 11:46:57 : WARN : Open() OPC server not connected!
18.05.2018 11:47:00 : WARN : Open() OPC server not connected!
18.05.2018 11:47:03 : WARN : Open() OPC server not connected!
18.05.2018 11:47:06 : WARN : Open() OPC server not connected!
18.05.2018 11:47:09 : WARN : Open() OPC server not connected!
18.05.2018 11:47:12 : WARN : Open() OPC server not connected!
18.05.2018 11:47:15 : WARN : Open() OPC server not connected!
18.05.2018 11:47:18 : WARN : Open() OPC server not connected!
18.05.2018 11:47:21 : WARN : Open() OPC server not connected!
18.05.2018 11:47:25 : WARN : Open() OPC server not connected!
18.05.2018 11:47:28 : WARN : Open() OPC server not connected!
18.05.2018 11:47:31 : WARN : Open() OPC server not connected!
18.05.2018 11:47:34 : WARN : Open() OPC server not connected!
18.05.2018 11:47:37 : WARN : Open() OPC server not connected!
18.05.2018 11:47:40 : WARN : Open() OPC server not connected!
18.05.2018 11:47:43 : WARN : Open() OPC server not connected!
18.05.2018 11:47:46 : WARN : Open() OPC server not connected!
18.05.2018 11:47:49 : WARN : Open() OPC server not connected!
18.05.2018 11:47:52 : WARN : Open() OPC server not connected!
18.05.2018 11:47:56 : WARN : Open() OPC server not connected!
18.05.2018 11:47:59 : WARN : Open() OPC server not connected!
18.05.2018 11:48:02 : WARN : Open() OPC server not connected!
18.05.2018 11:48:05 : WARN : Open() OPC server not connected!
18.05.2018 11:48:08 : WARN : Open() OPC server not connected!
18.05.2018 11:48:11 : WARN : Open() OPC server not connected!
18.05.2018 11:48:14 : WARN : Open() OPC server not connected!
18.05.2018 11:48:17 : WARN : Open() OPC server not connected!
18.05.2018 11:48:20 : WARN : Open() OPC server not connected!
18.05.2018 11:48:23 : WARN : Open() OPC server not connected!
18.05.2018 11:48:27 : WARN : Open() OPC server not connected!
18.05.2018 11:48:30 : WARN : Open() OPC server not connected!
18.05.2018 11:48:33 : WARN : Open() OPC server not connected!
18.05.2018 11:48:36 : WARN : Open() OPC server not connected!
18.05.2018 11:48:39 : WARN : Open() OPC server not connected!
18.05.2018 11:48:42 : WARN : Open() OPC server not connected!
18.05.2018 11:48:45 : WARN : Open() OPC server not connected!
18.05.2018 11:48:48 : WARN : Open() OPC server not connected!
18.05.2018 11:48:51 : WARN : Open() OPC server not connected!
18.05.2018 11:49:16 : WARN : Open() OPC server not connected!
18.05.2018 11:49:19 : WARN : Open() OPC server not connected!
18.05.2018 11:49:22 : WARN : Open() OPC server not connected!
18.05.2018 11:49:25 : WARN : Open() OPC server not connected!
18.05.2018 11:49:28 : WARN : Open() OPC server not connected!
18.05.2018 11:49:31 : WARN : Open() OPC server not connected!
18.05.2018 11:49:34 : WARN : Open() OPC server not connected!
18.05.2018 11:49:38 : WARN : Open() OPC server not connected!
18.05.2018 11:49:41 : WARN : Open() OPC server not connected!
18.05.2018 11:49:44 : WARN : Open() OPC server not connected!
18.05.2018 11:49:47 : WARN : Open() OPC server not connected!
18.05.2018 11:50:19 : INFO : Open() OPC server connected!
18.05.2018 11:51:20 : INFO : Close() OPC client close.
18.05.2018 11:51:40 : INFO : Open() OPC server connected!
18.05.2018 11:52:49 : INFO : Close() OPC client close.
18.05.2018 11:53:12 : INFO : Open() OPC server connected!
18.05.2018 11:53:15 : WARN : OPC method Read(), error read tag=tag10
18.05.2018 11:53:18 : WARN : OPC method Read(), error read tag=tag10
18.05.2018 11:53:18 : WARN : OPC method Read(), error read tag=tag10
18.05.2018 11:53:19 : WARN : OPC method Read(), error read tag=tag10
18.05.2018 11:53:21 : WARN : OPC method Read(), error read tag=tag10
18.05.2018 11:53:22 : WARN : OPC method Read(), error read tag=tag10
18.05.2018 11:53:23 : WARN : OPC method Read(), error read tag=tag10
18.05.2018 11:53:24 : WARN : OPC method Read(), error read tag=tag10
18.05.2018 11:53:25 : WARN : OPC method Read(), error read tag=tag10
18.05.2018 11:53:26 : WARN : OPC method Read(), error read tag=tag10
18.05.2018 11:53:27 : WARN : OPC method Read(), error read tag=tag10
18.05.2018 11:53:28 : WARN : OPC method Read(), error read tag=tag10
18.05.2018 11:53:29 : WARN : OPC method Read(), error read tag=tag10
18.05.2018 11:53:30 : WARN : OPC method Read(), error read tag=tag10
18.05.2018 11:53:32 : WARN : OPC method Read(), error read tag=tag10
18.05.2018 11:53:33 : WARN : OPC method Read(), error read tag=tag10
18.05.2018 11:53:34 : WARN : OPC method Read(), error read tag=tag10
18.05.2018 11:53:35 : WARN : OPC method Read(), error read tag=tag10
18.05.2018 11:53:36 : WARN : OPC method Read(), error read tag=tag10
18.05.2018 11:53:37 : WARN : OPC method Read(), error read tag=tag10
18.05.2018 11:53:38 : WARN : OPC method Read(), error read tag=tag10
18.05.2018 11:53:39 : WARN : OPC method Read(), error read tag=tag10
18.05.2018 11:53:40 : WARN : OPC method Read(), error read tag=tag10
18.05.2018 11:53:41 : WARN : OPC method Read(), error read tag=tag10
18.05.2018 11:53:42 : WARN : OPC method Read(), error read tag=tag10
18.05.2018 11:53:43 : WARN : OPC method Read(), error read tag=tag10
18.05.2018 11:53:44 : WARN : OPC method Read(), error read tag=tag10
18.05.2018 11:53:45 : WARN : OPC method Read(), error read tag=tag10
18.05.2018 11:53:47 : WARN : OPC method Read(), error read tag=tag10
18.05.2018 11:53:48 : WARN : OPC method Read(), error read tag=tag10
18.05.2018 11:53:49 : WARN : OPC method Read(), error read tag=tag10
18.05.2018 11:53:50 : WARN : OPC method Read(), error read tag=tag10
18.05.2018 11:53:51 : WARN : OPC method Read(), error read tag=tag10
18.05.2018 11:53:52 : WARN : OPC method Read(), error read tag=tag10
18.05.2018 11:53:53 : WARN : OPC method Read(), error read tag=tag10
18.05.2018 11:53:54 : WARN : OPC method Read(), error read tag=tag10
18.05.2018 11:53:55 : WARN : OPC method Read(), error read tag=tag10
18.05.2018 11:53:56 : WARN : OPC method Read(), error read tag=tag10
18.05.2018 11:54:07 : WARN : OPC method Read(), error read tag=tag10
18.05.2018 11:54:07 : WARN : OPC method Read(), error read tag=tag10
18.05.2018 11:54:08 : WARN : OPC method Read(), error read tag=tag10
18.05.2018 11:54:09 : WARN : OPC method Read(), error read tag=tag10
18.05.2018 11:54:10 : WARN : OPC method Read(), error read tag=tag10
18.05.2018 11:54:11 : WARN : OPC method Read(), error read tag=tag10
18.05.2018 11:54:12 : WARN : OPC method Read(), error read tag=tag10
18.05.2018 11:54:14 : WARN : OPC method Read(), error read tag=tag10
18.05.2018 11:54:15 : WARN : OPC method Read(), error read tag=tag10
18.05.2018 11:54:16 : WARN : OPC method Read(), error read tag=tag10
18.05.2018 11:54:17 : WARN : OPC method Read(), error read tag=tag10
18.05.2018 11:54:18 : WARN : OPC method Read(), error read tag=tag10
18.05.2018 11:54:19 : WARN : OPC method Read(), error read tag=tag10
18.05.2018 11:54:20 : WARN : OPC method Read(), error read tag=tag10
18.05.2018 11:54:21 : WARN : OPC method Read(), error read tag=tag10
18.05.2018 11:54:22 : WARN : OPC method Read(), error read tag=tag10
18.05.2018 11:54:23 : WARN : OPC method Read(), error read tag=tag10
18.05.2018 11:54:25 : WARN : OPC method Read(), error read tag=tag10
18.05.2018 11:54:26 : WARN : OPC method Read(), error read tag=tag10
18.05.2018 11:54:27 : WARN : OPC method Read(), error read tag=tag10
18.05.2018 11:54:28 : WARN : OPC method Read(), error read tag=tag10
18.05.2018 11:54:29 : WARN : OPC method Read(), error read tag=tag10
18.05.2018 11:54:30 : WARN : OPC method Read(), error read tag=tag10
18.05.2018 11:54:31 : WARN : OPC method Read(), error read tag=tag10
18.05.2018 11:54:32 : WARN : OPC method Read(), error read tag=tag10
18.05.2018 11:54:33 : WARN : OPC method Read(), error read tag=tag10
18.05.2018 11:54:34 : WARN : OPC method Read(), error read tag=tag10
18.05.2018 11:54:35 : WARN : OPC method Read(), error read tag=tag10
18.05.2018 11:54:37 : WARN : OPC method Read(), error read tag=tag10
18.05.2018 11:54:38 : WARN : OPC method Read(), error read tag=tag10
18.05.2018 11:54:39 : WARN : OPC method Read(), error read tag=tag10
18.05.2018 11:54:40 : WARN : OPC method Read(), error read tag=tag10
18.05.2018 11:54:41 : WARN : OPC method Read(), error read tag=tag10
18.05.2018 11:54:42 : WARN : OPC method Read(), error read tag=tag10
18.05.2018 11:54:43 : WARN : OPC method Read(), error read tag=tag10
18.05.2018 11:54:44 : WARN : OPC method Read(), error read tag=tag10
18.05.2018 11:54:45 : WARN : OPC method Read(), error read tag=tag10
18.05.2018 11:54:46 : WARN : OPC method Read(), error read tag=tag10
18.05.2018 11:54:48 : WARN : OPC method Read(), error read tag=tag10
18.05.2018 11:54:49 : WARN : OPC method Read(), error read tag=tag10
18.05.2018 11:54:50 : WARN : OPC method Read(), error read tag=tag10
18.05.2018 11:54:51 : WARN : OPC method Read(), error read tag=tag10
18.05.2018 11:54:52 : WARN : OPC method Read(), error read tag=tag10
18.05.2018 11:54:53 : WARN : OPC method Read(), error read tag=tag10
18.05.2018 11:54:54 : WARN : OPC method Read(), error read tag=tag10
18.05.2018 11:54:55 : WARN : OPC method Read(), error read tag=tag10
18.05.2018 11:54:56 : WARN : OPC method Read(), error read tag=tag10
18.05.2018 11:54:57 : WARN : OPC method Read(), error read tag=tag10
18.05.2018 11:54:59 : WARN : OPC method Read(), error read tag=tag10
18.05.2018 11:55:00 : WARN : OPC method Read(), error read tag=tag10
18.05.2018 11:55:01 : WARN : OPC method Read(), error read tag=tag10
18.05.2018 11:55:02 : WARN : OPC method Read(), error read tag=tag10
18.05.2018 11:55:03 : WARN : OPC method Read(), error read tag=tag10
18.05.2018 11:55:04 : WARN : OPC method Read(), error read tag=tag10
18.05.2018 11:55:05 : WARN : OPC method Read(), error read tag=tag10
18.05.2018 11:55:06 : WARN : OPC method Read(), error read tag=tag10
18.05.2018 11:55:07 : INFO : Close() OPC client close.
18.05.2018 11:59:42 : INFO : Open() OPC server connected!
18.05.2018 11:59:42 : WARN : OPC method Read(), error read tag=tag10
18.05.2018 11:59:43 : WARN : OPC method Read(), error read tag=tag10
18.05.2018 11:59:44 : WARN : OPC method Read(), error read tag=tag10
18.05.2018 11:59:45 : WARN : OPC method Read(), error read tag=tag10
18.05.2018 11:59:46 : WARN : OPC method Read(), error read tag=tag10
18.05.2018 11:59:47 : WARN : OPC method Read(), error read tag=tag10
18.05.2018 11:59:48 : WARN : OPC method Read(), error read tag=tag10
18.05.2018 11:59:49 : WARN : OPC method Read(), error read tag=tag10
18.05.2018 11:59:50 : WARN : OPC method Read(), error read tag=tag10
18.05.2018 11:59:50 : INFO : Close() OPC client close.
18.05.2018 11:59:59 : INFO : Open() OPC server connected!
18.05.2018 11:59:59 : WARN : OPC method Read(), error read tag=tag10
18.05.2018 12:00:00 : WARN : OPC method Read(), error read tag=tag10
18.05.2018 12:00:01 : WARN : OPC method Read(), error read tag=tag10
18.05.2018 12:00:02 : WARN : OPC method Read(), error read tag=tag10
18.05.2018 12:00:03 : WARN : OPC method Read(), error read tag=tag10
18.05.2018 12:00:04 : WARN : OPC method Read(), error read tag=tag10
18.05.2018 12:00:04 : INFO : Close() OPC client close.
18.05.2018 12:00:30 : INFO : Open() OPC server connected!
18.05.2018 12:00:30 : WARN : OPC method Read(), error read tag=tag10, source=1-Numeric._I2
18.05.2018 12:00:31 : WARN : OPC method Read(), error read tag=tag10, source=1-Numeric._I2
18.05.2018 12:00:32 : WARN : OPC method Read(), error read tag=tag10, source=1-Numeric._I2
18.05.2018 12:00:33 : WARN : OPC method Read(), error read tag=tag10, source=1-Numeric._I2
18.05.2018 12:00:34 : WARN : OPC method Read(), error read tag=tag10, source=1-Numeric._I2
18.05.2018 12:00:35 : WARN : OPC method Read(), error read tag=tag10, source=1-Numeric._I2
18.05.2018 12:00:36 : WARN : OPC method Read(), error read tag=tag10, source=1-Numeric._I2
18.05.2018 12:00:37 : WARN : OPC method Read(), error read tag=tag10, source=1-Numeric._I2
18.05.2018 12:00:38 : WARN : OPC method Read(), error read tag=tag10, source=1-Numeric._I2
18.05.2018 12:00:39 : WARN : OPC method Read(), error read tag=tag10, source=1-Numeric._I2
18.05.2018 12:00:40 : WARN : OPC method Read(), error read tag=tag10, source=1-Numeric._I2
18.05.2018 12:00:41 : WARN : OPC method Read(), error read tag=tag10, source=1-Numeric._I2
18.05.2018 12:00:42 : WARN : OPC method Read(), error read tag=tag10, source=1-Numeric._I2
18.05.2018 12:00:43 : WARN : OPC method Read(), error read tag=tag10, source=1-Numeric._I2
18.05.2018 12:00:44 : WARN : OPC method Read(), error read tag=tag10, source=1-Numeric._I2
18.05.2018 12:00:45 : WARN : OPC method Read(), error read tag=tag10, source=1-Numeric._I2
18.05.2018 12:00:46 : WARN : OPC method Read(), error read tag=tag10, source=1-Numeric._I2
18.05.2018 12:00:47 : WARN : OPC method Read(), error read tag=tag10, source=1-Numeric._I2
18.05.2018 12:00:48 : WARN : OPC method Read(), error read tag=tag10, source=1-Numeric._I2
18.05.2018 12:00:49 : WARN : OPC method Read(), error read tag=tag10, source=1-Numeric._I2
18.05.2018 12:00:50 : WARN : OPC method Read(), error read tag=tag10, source=1-Numeric._I2
18.05.2018 12:00:51 : WARN : OPC method Read(), error read tag=tag10, source=1-Numeric._I2
18.05.2018 12:00:52 : WARN : OPC method Read(), error read tag=tag10, source=1-Numeric._I2
18.05.2018 12:00:53 : WARN : OPC method Read(), error read tag=tag10, source=1-Numeric._I2
18.05.2018 12:00:54 : WARN : OPC method Read(), error read tag=tag10, source=1-Numeric._I2
18.05.2018 12:00:55 : WARN : OPC method Read(), error read tag=tag10, source=1-Numeric._I2
18.05.2018 12:00:56 : WARN : OPC method Read(), error read tag=tag10, source=1-Numeric._I2
18.05.2018 12:00:57 : WARN : OPC method Read(), error read tag=tag10, source=1-Numeric._I2
18.05.2018 12:00:58 : WARN : OPC method Read(), error read tag=tag10, source=1-Numeric._I2
18.05.2018 12:00:59 : WARN : OPC method Read(), error read tag=tag10, source=1-Numeric._I2
18.05.2018 12:01:00 : WARN : OPC method Read(), error read tag=tag10, source=1-Numeric._I2
18.05.2018 12:01:01 : WARN : OPC method Read(), error read tag=tag10, source=1-Numeric._I2
18.05.2018 12:01:02 : WARN : OPC method Read(), error read tag=tag10, source=1-Numeric._I2
18.05.2018 12:01:03 : WARN : OPC method Read(), error read tag=tag10, source=1-Numeric._I2
18.05.2018 12:01:04 : WARN : OPC method Read(), error read tag=tag10, source=1-Numeric._I2
18.05.2018 12:01:05 : WARN : OPC method Read(), error read tag=tag10, source=1-Numeric._I2
18.05.2018 12:01:06 : WARN : OPC method Read(), error read tag=tag10, source=1-Numeric._I2
18.05.2018 12:01:07 : WARN : OPC method Read(), error read tag=tag10, source=1-Numeric._I2
18.05.2018 12:01:08 : WARN : OPC method Read(), error read tag=tag10, source=1-Numeric._I2
18.05.2018 12:01:09 : WARN : OPC method Read(), error read tag=tag10, source=1-Numeric._I2
18.05.2018 12:01:10 : WARN : OPC method Read(), error read tag=tag10, source=1-Numeric._I2
18.05.2018 12:01:11 : WARN : OPC method Read(), error read tag=tag10, source=1-Numeric._I2
18.05.2018 12:01:12 : WARN : OPC method Read(), error read tag=tag10, source=1-Numeric._I2
18.05.2018 12:01:13 : WARN : OPC method Read(), error read tag=tag10, source=1-Numeric._I2
18.05.2018 12:01:14 : WARN : OPC method Read(), error read tag=tag10, source=1-Numeric._I2
18.05.2018 12:01:15 : WARN : OPC method Read(), error read tag=tag10, source=1-Numeric._I2
18.05.2018 12:01:16 : WARN : OPC method Read(), error read tag=tag10, source=1-Numeric._I2
18.05.2018 12:01:17 : INFO : Close() OPC client close.
18.05.2018 12:19:42 : INFO : Open() OPC server connected!
18.05.2018 12:19:42 : WARN : OPC method Read(), error read tag=tag10, source=1-Numeric._I2
18.05.2018 12:19:43 : WARN : OPC method Read(), error read tag=tag10, source=1-Numeric._I2
18.05.2018 12:19:44 : WARN : OPC method Read(), error read tag=tag10, source=1-Numeric._I2
18.05.2018 12:19:45 : WARN : OPC method Read(), error read tag=tag10, source=1-Numeric._I2
18.05.2018 12:19:46 : WARN : OPC method Read(), error read tag=tag10, source=1-Numeric._I2
18.05.2018 12:19:47 : WARN : OPC method Read(), error read tag=tag10, source=1-Numeric._I2
18.05.2018 12:19:48 : WARN : OPC method Read(), error read tag=tag10, source=1-Numeric._I2
18.05.2018 12:19:49 : WARN : OPC method Read(), error read tag=tag10, source=1-Numeric._I2
18.05.2018 12:19:50 : WARN : OPC method Read(), error read tag=tag10, source=1-Numeric._I2
18.05.2018 12:19:51 : WARN : OPC method Read(), error read tag=tag10, source=1-Numeric._I2
18.05.2018 12:19:52 : WARN : OPC method Read(), error read tag=tag10, source=1-Numeric._I2
18.05.2018 12:19:53 : WARN : OPC method Read(), error read tag=tag10, source=1-Numeric._I2
18.05.2018 12:19:54 : WARN : OPC method Read(), error read tag=tag10, source=1-Numeric._I2
18.05.2018 12:19:55 : WARN : OPC method Read(), error read tag=tag10, source=1-Numeric._I2
18.05.2018 12:19:56 : WARN : OPC method Read(), error read tag=tag10, source=1-Numeric._I2
18.05.2018 12:19:57 : WARN : OPC method Read(), error read tag=tag10, source=1-Numeric._I2
18.05.2018 12:19:58 : WARN : OPC method Read(), error read tag=tag10, source=1-Numeric._I2
18.05.2018 12:19:59 : WARN : OPC method Read(), error read tag=tag10, source=1-Numeric._I2
18.05.2018 12:20:00 : WARN : OPC method Read(), error read tag=tag10, source=1-Numeric._I2
18.05.2018 12:20:01 : WARN : OPC method Read(), error read tag=tag10, source=1-Numeric._I2
18.05.2018 12:20:02 : WARN : OPC method Read(), error read tag=tag10, source=1-Numeric._I2
18.05.2018 12:20:03 : WARN : OPC method Read(), error read tag=tag10, source=1-Numeric._I2
18.05.2018 12:20:04 : WARN : OPC method Read(), error read tag=tag10, source=1-Numeric._I2
18.05.2018 12:20:05 : WARN : OPC method Read(), error read tag=tag10, source=1-Numeric._I2
18.05.2018 12:20:06 : WARN : OPC method Read(), error read tag=tag10, source=1-Numeric._I2
18.05.2018 12:20:07 : WARN : OPC method Read(), error read tag=tag10, source=1-Numeric._I2
18.05.2018 12:20:08 : WARN : OPC method Read(), error read tag=tag10, source=1-Numeric._I2
18.05.2018 12:20:09 : WARN : OPC method Read(), error read tag=tag10, source=1-Numeric._I2
18.05.2018 12:20:10 : WARN : OPC method Read(), error read tag=tag10, source=1-Numeric._I2
18.05.2018 12:20:11 : WARN : OPC method Read(), error read tag=tag10, source=1-Numeric._I2
18.05.2018 12:20:12 : WARN : OPC method Read(), error read tag=tag10, source=1-Numeric._I2
18.05.2018 12:20:13 : WARN : OPC method Read(), error read tag=tag10, source=1-Numeric._I2
18.05.2018 12:20:14 : WARN : OPC method Read(), error read tag=tag10, source=1-Numeric._I2
18.05.2018 12:20:15 : WARN : OPC method Read(), error read tag=tag10, source=1-Numeric._I2
18.05.2018 12:20:16 : WARN : OPC method Read(), error read tag=tag10, source=1-Numeric._I2
18.05.2018 12:20:17 : WARN : OPC method Read(), error read tag=tag10, source=1-Numeric._I2
18.05.2018 12:20:18 : WARN : OPC method Read(), error read tag=tag10, source=1-Numeric._I2
18.05.2018 12:20:19 : WARN : OPC method Read(), error read tag=tag10, source=1-Numeric._I2
18.05.2018 12:20:20 : WARN : OPC method Read(), error read tag=tag10, source=1-Numeric._I2
18.05.2018 12:20:21 : WARN : OPC method Read(), error read tag=tag10, source=1-Numeric._I2
18.05.2018 12:20:22 : WARN : OPC method Read(), error read tag=tag10, source=1-Numeric._I2
18.05.2018 12:20:23 : WARN : OPC method Read(), error read tag=tag10, source=1-Numeric._I2
18.05.2018 12:20:24 : WARN : OPC method Read(), error read tag=tag10, source=1-Numeric._I2
18.05.2018 12:20:25 : WARN : OPC method Read(), error read tag=tag10, source=1-Numeric._I2
18.05.2018 12:20:26 : WARN : OPC method Read(), error read tag=tag10, source=1-Numeric._I2
18.05.2018 12:20:27 : WARN : OPC method Read(), error read tag=tag10, source=1-Numeric._I2
18.05.2018 12:20:28 : WARN : OPC method Read(), error read tag=tag10, source=1-Numeric._I2
18.05.2018 12:20:29 : WARN : OPC method Read(), error read tag=tag10, source=1-Numeric._I2
18.05.2018 12:20:30 : WARN : OPC method Read(), error read tag=tag10, source=1-Numeric._I2
18.05.2018 12:20:31 : WARN : OPC method Read(), error read tag=tag10, source=1-Numeric._I2
18.05.2018 12:20:32 : WARN : OPC method Read(), error read tag=tag10, source=1-Numeric._I2
18.05.2018 12:20:33 : WARN : OPC method Read(), error read tag=tag10, source=1-Numeric._I2
18.05.2018 12:20:34 : WARN : OPC method Read(), error read tag=tag10, source=1-Numeric._I2
18.05.2018 12:20:35 : WARN : OPC method Read(), error read tag=tag10, source=1-Numeric._I2
18.05.2018 12:20:36 : WARN : OPC method Read(), error read tag=tag10, source=1-Numeric._I2
18.05.2018 12:20:37 : WARN : OPC method Read(), error read tag=tag10, source=1-Numeric._I2
18.05.2018 12:20:38 : WARN : OPC method Read(), error read tag=tag10, source=1-Numeric._I2
18.05.2018 12:20:39 : WARN : OPC method Read(), error read tag=tag10, source=1-Numeric._I2
18.05.2018 12:20:40 : WARN : OPC method Read(), error read tag=tag10, source=1-Numeric._I2
18.05.2018 12:20:41 : WARN : OPC method Read(), error read tag=tag10, source=1-Numeric._I2
18.05.2018 12:20:42 : WARN : OPC method Read(), error read tag=tag10, source=1-Numeric._I2
18.05.2018 12:20:43 : WARN : OPC method Read(), error read tag=tag10, source=1-Numeric._I2
18.05.2018 12:20:44 : WARN : OPC method Read(), error read tag=tag10, source=1-Numeric._I2
18.05.2018 12:20:45 : WARN : OPC method Read(), error read tag=tag10, source=1-Numeric._I2
18.05.2018 12:20:46 : WARN : OPC method Read(), error read tag=tag10, source=1-Numeric._I2
18.05.2018 12:20:47 : WARN : OPC method Read(), error read tag=tag10, source=1-Numeric._I2
18.05.2018 12:20:48 : WARN : OPC method Read(), error read tag=tag10, source=1-Numeric._I2
18.05.2018 12:20:49 : WARN : OPC method Read(), error read tag=tag10, source=1-Numeric._I2
18.05.2018 12:20:50 : WARN : OPC method Read(), error read tag=tag10, source=1-Numeric._I2
18.05.2018 12:20:51 : WARN : OPC method Read(), error read tag=tag10, source=1-Numeric._I2
18.05.2018 12:20:52 : WARN : OPC method Read(), error read tag=tag10, source=1-Numeric._I2
18.05.2018 12:20:53 : WARN : OPC method Read(), error read tag=tag10, source=1-Numeric._I2
18.05.2018 12:20:54 : WARN : OPC method Read(), error read tag=tag10, source=1-Numeric._I2
18.05.2018 12:20:55 : WARN : OPC method Read(), error read tag=tag10, source=1-Numeric._I2
18.05.2018 12:20:56 : WARN : OPC method Read(), error read tag=tag10, source=1-Numeric._I2
18.05.2018 12:20:57 : WARN : OPC method Read(), error read tag=tag10, source=1-Numeric._I2
18.05.2018 12:20:58 : WARN : OPC method Read(), error read tag=tag10, source=1-Numeric._I2
18.05.2018 12:20:59 : WARN : OPC method Read(), error read tag=tag10, source=1-Numeric._I2
18.05.2018 12:21:00 : WARN : OPC method Read(), error read tag=tag10, source=1-Numeric._I2
18.05.2018 12:21:01 : WARN : OPC method Read(), error read tag=tag10, source=1-Numeric._I2
18.05.2018 12:21:02 : WARN : OPC method Read(), error read tag=tag10, source=1-Numeric._I2
18.05.2018 12:21:03 : WARN : OPC method Read(), error read tag=tag10, source=1-Numeric._I2
18.05.2018 12:21:04 : WARN : OPC method Read(), error read tag=tag10, source=1-Numeric._I2
18.05.2018 12:21:05 : WARN : OPC method Read(), error read tag=tag10, source=1-Numeric._I2
18.05.2018 12:21:06 : WARN : OPC method Read(), error read tag=tag10, source=1-Numeric._I2
18.05.2018 12:21:07 : WARN : OPC method Read(), error read tag=tag10, source=1-Numeric._I2
18.05.2018 12:21:08 : WARN : OPC method Read(), error read tag=tag10, source=1-Numeric._I2
18.05.2018 12:21:09 : WARN : OPC method Read(), error read tag=tag10, source=1-Numeric._I2
18.05.2018 12:21:10 : WARN : OPC method Read(), error read tag=tag10, source=1-Numeric._I2
18.05.2018 12:21:11 : WARN : OPC method Read(), error read tag=tag10, source=1-Numeric._I2
18.05.2018 12:21:12 : WARN : OPC method Read(), error read tag=tag10, source=1-Numeric._I2
18.05.2018 12:21:13 : WARN : OPC method Read(), error read tag=tag10, source=1-Numeric._I2
18.05.2018 12:21:14 : WARN : OPC method Read(), error read tag=tag10, source=1-Numeric._I2
18.05.2018 12:21:15 : WARN : OPC method Read(), error read tag=tag10, source=1-Numeric._I2
18.05.2018 12:21:16 : WARN : OPC method Read(), error read tag=tag10, source=1-Numeric._I2
18.05.2018 12:21:17 : WARN : OPC method Read(), error read tag=tag10, source=1-Numeric._I2
18.05.2018 12:21:18 : WARN : OPC method Read(), error read tag=tag10, source=1-Numeric._I2
18.05.2018 12:21:19 : WARN : OPC method Read(), error read tag=tag10, source=1-Numeric._I2
18.05.2018 12:21:20 : WARN : OPC method Read(), error read tag=tag10, source=1-Numeric._I2
18.05.2018 12:21:21 : WARN : OPC method Read(), error read tag=tag10, source=1-Numeric._I2
18.05.2018 12:21:22 : WARN : OPC method Read(), error read tag=tag10, source=1-Numeric._I2
18.05.2018 12:21:23 : WARN : OPC method Read(), error read tag=tag10, source=1-Numeric._I2
18.05.2018 12:21:24 : WARN : OPC method Read(), error read tag=tag10, source=1-Numeric._I2
18.05.2018 12:21:25 : WARN : OPC method Read(), error read tag=tag10, source=1-Numeric._I2
18.05.2018 12:21:26 : WARN : OPC method Read(), error read tag=tag10, source=1-Numeric._I2
18.05.2018 12:21:27 : WARN : OPC method Read(), error read tag=tag10, source=1-Numeric._I2
18.05.2018 12:21:28 : WARN : OPC method Read(), error read tag=tag10, source=1-Numeric._I2
18.05.2018 12:21:29 : WARN : OPC method Read(), error read tag=tag10, source=1-Numeric._I2
18.05.2018 12:21:30 : WARN : OPC method Read(), error read tag=tag10, source=1-Numeric._I2
18.05.2018 12:21:31 : WARN : OPC method Read(), error read tag=tag10, source=1-Numeric._I2
18.05.2018 12:21:32 : WARN : OPC method Read(), error read tag=tag10, source=1-Numeric._I2
18.05.2018 12:21:33 : WARN : OPC method Read(), error read tag=tag10, source=1-Numeric._I2
18.05.2018 12:21:34 : WARN : OPC method Read(), error read tag=tag10, source=1-Numeric._I2
18.05.2018 12:21:35 : WARN : OPC method Read(), error read tag=tag10, source=1-Numeric._I2
18.05.2018 12:21:36 : WARN : OPC method Read(), error read tag=tag10, source=1-Numeric._I2
18.05.2018 12:21:37 : WARN : OPC method Read(), error read tag=tag10, source=1-Numeric._I2
18.05.2018 12:21:38 : WARN : OPC method Read(), error read tag=tag10, source=1-Numeric._I2
18.05.2018 12:21:39 : WARN : OPC method Read(), error read tag=tag10, source=1-Numeric._I2
18.05.2018 12:21:40 : WARN : OPC method Read(), error read tag=tag10, source=1-Numeric._I2
18.05.2018 12:21:41 : WARN : OPC method Read(), error read tag=tag10, source=1-Numeric._I2
18.05.2018 12:21:42 : WARN : OPC method Read(), error read tag=tag10, source=1-Numeric._I2
18.05.2018 12:21:43 : WARN : OPC method Read(), error read tag=tag10, source=1-Numeric._I2
18.05.2018 12:21:44 : WARN : OPC method Read(), error read tag=tag10, source=1-Numeric._I2
18.05.2018 12:21:45 : WARN : OPC method Read(), error read tag=tag10, source=1-Numeric._I2
18.05.2018 12:21:46 : WARN : OPC method Read(), error read tag=tag10, source=1-Numeric._I2
18.05.2018 12:21:47 : WARN : OPC method Read(), error read tag=tag10, source=1-Numeric._I2
18.05.2018 12:21:48 : WARN : OPC method Read(), error read tag=tag10, source=1-Numeric._I2
18.05.2018 12:21:49 : WARN : OPC method Read(), error read tag=tag10, source=1-Numeric._I2
18.05.2018 12:21:50 : WARN : OPC method Read(), error read tag=tag10, source=1-Numeric._I2
18.05.2018 12:21:51 : WARN : OPC method Read(), error read tag=tag10, source=1-Numeric._I2
18.05.2018 12:21:52 : WARN : OPC method Read(), error read tag=tag10, source=1-Numeric._I2
18.05.2018 12:21:53 : WARN : OPC method Read(), error read tag=tag10, source=1-Numeric._I2
18.05.2018 12:21:54 : WARN : OPC method Read(), error read tag=tag10, source=1-Numeric._I2
18.05.2018 12:21:55 : WARN : OPC method Read(), error read tag=tag10, source=1-Numeric._I2
18.05.2018 12:21:56 : WARN : OPC method Read(), error read tag=tag10, source=1-Numeric._I2
18.05.2018 12:21:57 : WARN : OPC method Read(), error read tag=tag10, source=1-Numeric._I2
18.05.2018 12:21:58 : WARN : OPC method Read(), error read tag=tag10, source=1-Numeric._I2
18.05.2018 12:21:59 : WARN : OPC method Read(), error read tag=tag10, source=1-Numeric._I2
18.05.2018 12:22:00 : WARN : OPC method Read(), error read tag=tag10, source=1-Numeric._I2
18.05.2018 12:22:02 : WARN : OPC method Read(), error read tag=tag10, source=1-Numeric._I2
18.05.2018 12:22:03 : WARN : OPC method Read(), error read tag=tag10, source=1-Numeric._I2
18.05.2018 12:22:04 : WARN : OPC method Read(), error read tag=tag10, source=1-Numeric._I2
18.05.2018 12:22:05 : WARN : OPC method Read(), error read tag=tag10, source=1-Numeric._I2
18.05.2018 12:22:06 : WARN : OPC method Read(), error read tag=tag10, source=1-Numeric._I2
18.05.2018 12:22:07 : WARN : OPC method Read(), error read tag=tag10, source=1-Numeric._I2
18.05.2018 12:22:08 : WARN : OPC method Read(), error read tag=tag10, source=1-Numeric._I2
18.05.2018 12:22:09 : WARN : OPC method Read(), error read tag=tag10, source=1-Numeric._I2
18.05.2018 12:22:10 : WARN : OPC method Read(), error read tag=tag10, source=1-Numeric._I2
18.05.2018 12:22:11 : WARN : OPC method Read(), error read tag=tag10, source=1-Numeric._I2
18.05.2018 12:22:12 : WARN : OPC method Read(), error read tag=tag10, source=1-Numeric._I2
18.05.2018 12:22:13 : WARN : OPC method Read(), error read tag=tag10, source=1-Numeric._I2
18.05.2018 12:22:14 : WARN : OPC method Read(), error read tag=tag10, source=1-Numeric._I2
18.05.2018 12:22:15 : WARN : OPC method Read(), error read tag=tag10, source=1-Numeric._I2
18.05.2018 12:22:16 : WARN : OPC method Read(), error read tag=tag10, source=1-Numeric._I2
18.05.2018 12:22:17 : WARN : OPC method Read(), error read tag=tag10, source=1-Numeric._I2
18.05.2018 12:22:18 : WARN : OPC method Read(), error read tag=tag10, source=1-Numeric._I2
18.05.2018 12:22:19 : WARN : OPC method Read(), error read tag=tag10, source=1-Numeric._I2
18.05.2018 12:22:20 : WARN : OPC method Read(), error read tag=tag10, source=1-Numeric._I2
18.05.2018 12:22:21 : WARN : OPC method Read(), error read tag=tag10, source=1-Numeric._I2
18.05.2018 12:22:22 : WARN : OPC method Read(), error read tag=tag10, source=1-Numeric._I2
18.05.2018 12:22:23 : WARN : OPC method Read(), error read tag=tag10, source=1-Numeric._I2
18.05.2018 12:22:24 : WARN : OPC method Read(), error read tag=tag10, source=1-Numeric._I2
18.05.2018 12:22:25 : WARN : OPC method Read(), error read tag=tag10, source=1-Numeric._I2
18.05.2018 12:22:26 : WARN : OPC method Read(), error read tag=tag10, source=1-Numeric._I2
18.05.2018 12:22:27 : WARN : OPC method Read(), error read tag=tag10, source=1-Numeric._I2
18.05.2018 12:22:28 : WARN : OPC method Read(), error read tag=tag10, source=1-Numeric._I2
18.05.2018 12:22:29 : WARN : OPC method Read(), error read tag=tag10, source=1-Numeric._I2
18.05.2018 12:22:30 : WARN : OPC method Read(), error read tag=tag10, source=1-Numeric._I2
18.05.2018 12:22:31 : WARN : OPC method Read(), error read tag=tag10, source=1-Numeric._I2
18.05.2018 12:22:32 : WARN : OPC method Read(), error read tag=tag10, source=1-Numeric._I2
18.05.2018 12:22:33 : WARN : OPC method Read(), error read tag=tag10, source=1-Numeric._I2
18.05.2018 12:22:34 : WARN : OPC method Read(), error read tag=tag10, source=1-Numeric._I2
18.05.2018 12:22:35 : WARN : OPC method Read(), error read tag=tag10, source=1-Numeric._I2
18.05.2018 12:22:36 : WARN : OPC method Read(), error read tag=tag10, source=1-Numeric._I2
18.05.2018 12:22:37 : WARN : OPC method Read(), error read tag=tag10, source=1-Numeric._I2
18.05.2018 12:22:38 : WARN : OPC method Read(), error read tag=tag10, source=1-Numeric._I2
18.05.2018 12:22:39 : WARN : OPC method Read(), error read tag=tag10, source=1-Numeric._I2
18.05.2018 12:22:40 : WARN : OPC method Read(), error read tag=tag10, source=1-Numeric._I2
18.05.2018 12:22:41 : WARN : OPC method Read(), error read tag=tag10, source=1-Numeric._I2
18.05.2018 12:22:42 : WARN : OPC method Read(), error read tag=tag10, source=1-Numeric._I2
18.05.2018 12:22:43 : WARN : OPC method Read(), error read tag=tag10, source=1-Numeric._I2
18.05.2018 12:22:44 : WARN : OPC method Read(), error read tag=tag10, source=1-Numeric._I2
18.05.2018 12:22:45 : WARN : OPC method Read(), error read tag=tag10, source=1-Numeric._I2
18.05.2018 12:22:46 : WARN : OPC method Read(), error read tag=tag10, source=1-Numeric._I2
18.05.2018 12:22:47 : WARN : OPC method Read(), error read tag=tag10, source=1-Numeric._I2
18.05.2018 12:22:48 : WARN : OPC method Read(), error read tag=tag10, source=1-Numeric._I2
18.05.2018 12:22:49 : WARN : OPC method Read(), error read tag=tag10, source=1-Numeric._I2
18.05.2018 12:22:50 : WARN : OPC method Read(), error read tag=tag10, source=1-Numeric._I2
18.05.2018 12:22:51 : WARN : OPC method Read(), error read tag=tag10, source=1-Numeric._I2
18.05.2018 12:22:52 : WARN : OPC method Read(), error read tag=tag10, source=1-Numeric._I2
18.05.2018 12:22:53 : WARN : OPC method Read(), error read tag=tag10, source=1-Numeric._I2
18.05.2018 12:22:54 : WARN : OPC method Read(), error read tag=tag10, source=1-Numeric._I2
18.05.2018 12:22:55 : WARN : OPC method Read(), error read tag=tag10, source=1-Numeric._I2
18.05.2018 12:22:56 : WARN : OPC method Read(), error read tag=tag10, source=1-Numeric._I2
18.05.2018 12:22:57 : WARN : OPC method Read(), error read tag=tag10, source=1-Numeric._I2
18.05.2018 12:22:58 : WARN : OPC method Read(), error read tag=tag10, source=1-Numeric._I2
18.05.2018 12:22:59 : WARN : OPC method Read(), error read tag=tag10, source=1-Numeric._I2
18.05.2018 12:23:00 : WARN : OPC method Read(), error read tag=tag10, source=1-Numeric._I2
18.05.2018 12:23:01 : WARN : OPC method Read(), error read tag=tag10, source=1-Numeric._I2
18.05.2018 12:23:02 : WARN : OPC method Read(), error read tag=tag10, source=1-Numeric._I2
18.05.2018 12:23:03 : WARN : OPC method Read(), error read tag=tag10, source=1-Numeric._I2
18.05.2018 12:23:04 : WARN : OPC method Read(), error read tag=tag10, source=1-Numeric._I2
18.05.2018 12:23:05 : WARN : OPC method Read(), error read tag=tag10, source=1-Numeric._I2
18.05.2018 12:23:06 : WARN : OPC method Read(), error read tag=tag10, source=1-Numeric._I2
18.05.2018 12:23:07 : WARN : OPC method Read(), error read tag=tag10, source=1-Numeric._I2
18.05.2018 12:23:08 : WARN : OPC method Read(), error read tag=tag10, source=1-Numeric._I2
18.05.2018 12:23:09 : WARN : OPC method Read(), error read tag=tag10, source=1-Numeric._I2
18.05.2018 12:23:10 : WARN : OPC method Read(), error read tag=tag10, source=1-Numeric._I2
18.05.2018 12:23:11 : WARN : OPC method Read(), error read tag=tag10, source=1-Numeric._I2
18.05.2018 12:23:12 : WARN : OPC method Read(), error read tag=tag10, source=1-Numeric._I2
18.05.2018 12:23:13 : WARN : OPC method Read(), error read tag=tag10, source=1-Numeric._I2
18.05.2018 12:23:14 : WARN : OPC method Read(), error read tag=tag10, source=1-Numeric._I2
18.05.2018 12:23:15 : WARN : OPC method Read(), error read tag=tag10, source=1-Numeric._I2
18.05.2018 12:23:16 : WARN : OPC method Read(), error read tag=tag10, source=1-Numeric._I2
18.05.2018 12:23:17 : WARN : OPC method Read(), error read tag=tag10, source=1-Numeric._I2
18.05.2018 12:23:18 : WARN : OPC method Read(), error read tag=tag10, source=1-Numeric._I2
18.05.2018 12:23:19 : WARN : OPC method Read(), error read tag=tag10, source=1-Numeric._I2
18.05.2018 12:23:20 : WARN : OPC method Read(), error read tag=tag10, source=1-Numeric._I2
18.05.2018 12:23:21 : WARN : OPC method Read(), error read tag=tag10, source=1-Numeric._I2
18.05.2018 12:23:22 : WARN : OPC method Read(), error read tag=tag10, source=1-Numeric._I2
18.05.2018 12:23:23 : INFO : Close() OPC client close.
18.05.2018 12:46:06 : INFO : Open() OPC server connected!
18.05.2018 12:46:06 : WARN : OPC method Read(), error read tag=tag10, source=1-Numeric._I2
18.05.2018 12:46:07 : WARN : OPC method Read(), error read tag=tag10, source=1-Numeric._I2
18.05.2018 12:46:08 : WARN : OPC method Read(), error read tag=tag10, source=1-Numeric._I2
18.05.2018 12:46:09 : WARN : OPC method Read(), error read tag=tag10, source=1-Numeric._I2
18.05.2018 12:46:10 : WARN : OPC method Read(), error read tag=tag10, source=1-Numeric._I2
18.05.2018 12:46:11 : WARN : OPC method Read(), error read tag=tag10, source=1-Numeric._I2
18.05.2018 12:46:12 : WARN : OPC method Read(), error read tag=tag10, source=1-Numeric._I2
18.05.2018 12:46:13 : WARN : OPC method Read(), error read tag=tag10, source=1-Numeric._I2
18.05.2018 12:46:14 : WARN : OPC method Read(), error read tag=tag10, source=1-Numeric._I2
18.05.2018 12:46:15 : WARN : OPC method Read(), error read tag=tag10, source=1-Numeric._I2
18.05.2018 12:46:16 : WARN : OPC method Read(), error read tag=tag10, source=1-Numeric._I2
18.05.2018 12:46:17 : WARN : OPC method Read(), error read tag=tag10, source=1-Numeric._I2
18.05.2018 12:46:18 : WARN : OPC method Read(), error read tag=tag10, source=1-Numeric._I2
18.05.2018 12:46:19 : WARN : OPC method Read(), error read tag=tag10, source=1-Numeric._I2
18.05.2018 12:46:20 : WARN : OPC method Read(), error read tag=tag10, source=1-Numeric._I2
18.05.2018 12:46:21 : WARN : OPC method Read(), error read tag=tag10, source=1-Numeric._I2
18.05.2018 12:46:22 : WARN : OPC method Read(), error read tag=tag10, source=1-Numeric._I2
18.05.2018 12:46:23 : WARN : OPC method Read(), error read tag=tag10, source=1-Numeric._I2
18.05.2018 12:46:24 : WARN : OPC method Read(), error read tag=tag10, source=1-Numeric._I2
18.05.2018 12:46:25 : WARN : OPC method Read(), error read tag=tag10, source=1-Numeric._I2
18.05.2018 12:46:26 : WARN : OPC method Read(), error read tag=tag10, source=1-Numeric._I2
18.05.2018 12:46:27 : WARN : OPC method Read(), error read tag=tag10, source=1-Numeric._I2
18.05.2018 12:46:28 : WARN : OPC method Read(), error read tag=tag10, source=1-Numeric._I2
18.05.2018 12:46:29 : WARN : OPC method Read(), error read tag=tag10, source=1-Numeric._I2
18.05.2018 12:46:30 : WARN : OPC method Read(), error read tag=tag10, source=1-Numeric._I2
18.05.2018 12:46:31 : WARN : OPC method Read(), error read tag=tag10, source=1-Numeric._I2
18.05.2018 12:46:32 : WARN : OPC method Read(), error read tag=tag10, source=1-Numeric._I2
18.05.2018 12:46:33 : WARN : OPC method Read(), error read tag=tag10, source=1-Numeric._I2
18.05.2018 12:46:34 : INFO : Close() OPC client close.
