21.05.2018 09:50:30 : INFO : MxRT runtime data collection station.
21.05.2018 09:50:30 : INFO : Version 1.0, 2017
21.05.2018 09:50:30 : INFO : Kuzugashev VI, penart@list.ru
21.05.2018 09:50:30 : INFO : Load configuration ...
21.05.2018 09:50:30 : INFO : Configuration loaded.
21.05.2018 09:50:30 : INFO : Runtime con1 thread started
21.05.2018 09:50:30 : INFO : Modbus started.
21.05.2018 09:50:30 : INFO : Server started.
21.05.2018 09:50:30 : INFO : Modbus port opened!
21.05.2018 09:51:07 : INFO : MxRT runtime data collection station.
21.05.2018 09:51:07 : INFO : Version 1.0, 2017
21.05.2018 09:51:07 : INFO : Kuzugashev VI, penart@list.ru
21.05.2018 09:51:07 : INFO : Load configuration ...
21.05.2018 09:51:07 : INFO : Configuration loaded.
21.05.2018 09:51:07 : INFO : Runtime con1 thread started
21.05.2018 09:51:07 : INFO : Server started.
21.05.2018 09:51:13 : INFO : Runtime con1 thread stopped
21.05.2018 09:51:13 : INFO : Server stoped.
21.05.2018 09:51:56 : INFO : MxRT runtime data collection station.
21.05.2018 09:51:56 : INFO : Version 1.0, 2017
21.05.2018 09:51:56 : INFO : Kuzugashev VI, penart@list.ru
21.05.2018 09:51:56 : INFO : Load configuration ...
21.05.2018 09:51:56 : INFO : Configuration loaded.
21.05.2018 09:51:56 : INFO : Runtime con1 thread started
21.05.2018 09:51:56 : INFO : Server started.
21.05.2018 09:52:07 : INFO : Runtime con1 thread stopped
21.05.2018 09:52:07 : INFO : Server stoped.
21.05.2018 09:53:02 : INFO : MxRT runtime data collection station.
21.05.2018 09:53:02 : INFO : Version 1.0, 2017
21.05.2018 09:53:02 : INFO : Kuzugashev VI, penart@list.ru
21.05.2018 09:53:02 : INFO : Load configuration ...
21.05.2018 09:54:17 : INFO : Configuration loaded.
21.05.2018 09:54:17 : INFO : Runtime con1 thread started
21.05.2018 09:54:17 : INFO : Server started.
21.05.2018 09:54:55 : INFO : MxRT runtime data collection station.
21.05.2018 09:54:55 : INFO : Version 1.0, 2017
21.05.2018 09:54:55 : INFO : Kuzugashev VI, penart@list.ru
21.05.2018 09:54:55 : INFO : Load configuration ...
21.05.2018 09:55:00 : INFO : Configuration loaded.
21.05.2018 09:55:32 : INFO : Runtime con1 thread started
21.05.2018 09:55:36 : INFO : Server started.
21.05.2018 09:55:42 : INFO : Runtime con1 thread stopped
21.05.2018 09:55:42 : INFO : Server stoped.
21.05.2018 09:56:37 : INFO : MxRT runtime data collection station.
21.05.2018 09:56:37 : INFO : Version 1.0, 2017
21.05.2018 09:56:37 : INFO : Kuzugashev VI, penart@list.ru
21.05.2018 09:56:37 : INFO : Load configuration ...
21.05.2018 09:56:37 : INFO : Configuration loaded.
21.05.2018 09:56:40 : INFO : Runtime con1 thread started
21.05.2018 09:56:40 : INFO : Server started.
21.05.2018 09:57:30 : INFO : Runtime con1 thread stopped
21.05.2018 09:58:05 : INFO : Server stoped.
21.05.2018 10:06:56 : INFO : MxRT runtime data collection station.
21.05.2018 10:06:56 : INFO : Version 1.0, 2017
21.05.2018 10:06:56 : INFO : Kuzugashev VI, penart@list.ru
21.05.2018 10:06:56 : INFO : Load configuration ...
21.05.2018 10:06:56 : INFO : Configuration loaded.
21.05.2018 10:23:08 : INFO : MxRT runtime data collection station.
21.05.2018 10:23:08 : INFO : Version 1.0, 2017
21.05.2018 10:23:08 : INFO : Kuzugashev VI, penart@list.ru
21.05.2018 10:23:08 : INFO : Load configuration ...
21.05.2018 10:23:08 : INFO : Configuration loaded.
21.05.2018 10:23:13 : INFO : Runtime con1 connector MxConnectorOPC.dll loaded
21.05.2018 10:23:26 : INFO : Runtime con1 connector string ICONICS.SimulatorOPCDA
21.05.2018 10:23:29 : INFO : Runtime con1 thread started
21.05.2018 10:23:29 : INFO : Server started.
21.05.2018 10:24:46 : INFO : MxRT runtime data collection station.
21.05.2018 10:24:46 : INFO : Version 1.0, 2017
21.05.2018 10:24:46 : INFO : Kuzugashev VI, penart@list.ru
21.05.2018 10:24:46 : INFO : Load configuration ...
21.05.2018 10:24:46 : INFO : Configuration loaded.
21.05.2018 10:24:49 : INFO : Runtime con1 connector MxConnectorOPC.dll loaded
21.05.2018 10:24:49 : INFO : Runtime con1 connector string ICONICS.SimulatorOPCDA
21.05.2018 10:24:49 : INFO : Runtime con1 thread started
21.05.2018 10:24:49 : INFO : Server started.
21.05.2018 10:26:18 : INFO : MxRT runtime data collection station.
21.05.2018 10:26:18 : INFO : Version 1.0, 2017
21.05.2018 10:26:18 : INFO : Kuzugashev VI, penart@list.ru
21.05.2018 10:26:18 : INFO : Load configuration ...
21.05.2018 10:26:18 : INFO : Configuration loaded.
21.05.2018 10:26:21 : INFO : Runtime con1 connector MxConnectorOPC.dll loaded
21.05.2018 10:26:21 : INFO : Runtime con1 connector string ICONICS.SimulatorOPCDA
21.05.2018 10:26:21 : INFO : Runtime con1 thread started
21.05.2018 10:26:21 : INFO : Server started.
21.05.2018 10:27:16 : INFO : MxRT runtime data collection station.
21.05.2018 10:27:16 : INFO : Version 1.0, 2017
21.05.2018 10:27:16 : INFO : Kuzugashev VI, penart@list.ru
21.05.2018 10:27:16 : INFO : Load configuration ...
21.05.2018 10:27:16 : INFO : Configuration loaded.
21.05.2018 10:27:16 : INFO : Runtime con1 connector MxConnectorOPC.dll loaded
21.05.2018 10:27:32 : INFO : Runtime con1 connector string ICONICS.SimulatorOPCDA
21.05.2018 10:27:32 : INFO : Runtime con1 thread started
21.05.2018 10:27:32 : INFO : Server started.
21.05.2018 10:28:57 : INFO : MxRT runtime data collection station.
21.05.2018 10:28:57 : INFO : Version 1.0, 2017
21.05.2018 10:28:57 : INFO : Kuzugashev VI, penart@list.ru
21.05.2018 10:28:57 : INFO : Load configuration ...
21.05.2018 10:28:57 : INFO : Configuration loaded.
21.05.2018 10:28:57 : INFO : Runtime con1 connector MxConnectorOPC.dll loaded
21.05.2018 10:28:57 : INFO : Runtime con1 connector string ICONICS.SimulatorOPCDA
21.05.2018 10:28:57 : INFO : Runtime con1 thread started
21.05.2018 10:28:57 : INFO : Server started.
21.05.2018 10:29:39 : INFO : Runtime con1 thread stopped
21.05.2018 10:29:39 : INFO : Server stoped.
21.05.2018 10:29:50 : INFO : MxRT runtime data collection station.
21.05.2018 10:29:50 : INFO : Version 1.0, 2017
21.05.2018 10:29:50 : INFO : Kuzugashev VI, penart@list.ru
21.05.2018 10:29:50 : INFO : Load configuration ...
21.05.2018 10:29:50 : INFO : Configuration loaded.
21.05.2018 10:29:50 : INFO : Runtime con1 connector MxConnectorOPC.dll loaded
21.05.2018 10:29:50 : INFO : Runtime con1 connector string ICONICS.SimulatorOPCDA
21.05.2018 10:29:50 : INFO : Runtime con1 thread started
21.05.2018 10:29:50 : INFO : Server started.
21.05.2018 10:30:56 : INFO : MxRT runtime data collection station.
21.05.2018 10:30:56 : INFO : Version 1.0, 2017
21.05.2018 10:30:56 : INFO : Kuzugashev VI, penart@list.ru
21.05.2018 10:30:56 : INFO : Load configuration ...
21.05.2018 10:30:56 : INFO : Configuration loaded.
21.05.2018 10:30:56 : INFO : Runtime con1 connector MxConnectorOPC.dll loaded
21.05.2018 10:30:56 : INFO : Runtime con1 connector string ICONICS.SimulatorOPCDA
21.05.2018 10:30:56 : INFO : Runtime con1 thread started
21.05.2018 10:30:56 : INFO : Server started.
21.05.2018 10:31:47 : INFO : MxRT runtime data collection station.
21.05.2018 10:31:47 : INFO : Version 1.0, 2017
21.05.2018 10:31:47 : INFO : Kuzugashev VI, penart@list.ru
21.05.2018 10:31:47 : INFO : Load configuration ...
21.05.2018 10:31:47 : INFO : Configuration loaded.
21.05.2018 10:31:47 : INFO : Runtime con1 connector MxConnectorOPC.dll loaded
21.05.2018 10:31:47 : INFO : Runtime con1 connector string ICONICS.SimulatorOPCDA
21.05.2018 10:31:47 : INFO : Runtime con1 thread started
21.05.2018 10:31:47 : INFO : Server started.
21.05.2018 10:32:17 : INFO : MxRT runtime data collection station.
21.05.2018 10:32:17 : INFO : Version 1.0, 2017
21.05.2018 10:32:17 : INFO : Kuzugashev VI, penart@list.ru
21.05.2018 10:32:17 : INFO : Load configuration ...
21.05.2018 10:32:17 : INFO : Configuration loaded.
21.05.2018 10:32:17 : INFO : Runtime con1 connector MxConnectorOPC.dll loaded
21.05.2018 10:32:17 : INFO : Runtime con1 connector string ICONICS.SimulatorOPCDA
21.05.2018 10:32:17 : INFO : Runtime con1 thread started
21.05.2018 10:32:17 : INFO : Server started.
21.05.2018 10:36:54 : INFO : MxRT runtime data collection station.
21.05.2018 10:36:54 : INFO : Version 1.0, 2017
21.05.2018 10:36:54 : INFO : Kuzugashev VI, penart@list.ru
21.05.2018 10:36:54 : INFO : Load configuration ...
21.05.2018 10:36:54 : INFO : Configuration loaded.
21.05.2018 10:36:55 : INFO : Runtime con1 connector MxConnectorOPC.dll loaded
21.05.2018 10:36:55 : INFO : Runtime con1 connector string ICONICS.SimulatorOPCDA
21.05.2018 10:36:55 : INFO : Runtime con1 thread started
21.05.2018 10:36:55 : INFO : Server started.
21.05.2018 10:48:32 : INFO : MxRT runtime data collection station.
21.05.2018 10:48:32 : INFO : Version 1.0, 2017
21.05.2018 10:48:32 : INFO : Kuzugashev VI, penart@list.ru
21.05.2018 10:48:32 : INFO : Load configuration ...
21.05.2018 10:48:32 : INFO : Configuration loaded.
21.05.2018 10:48:32 : INFO : Runtime con1 connector MxConnectorOPC.dll loaded
21.05.2018 10:48:32 : INFO : Runtime con1 connector string ICONICS.SimulatorOPCDA
21.05.2018 10:48:32 : INFO : Runtime con1 thread started
21.05.2018 10:48:32 : INFO : Server started.
21.05.2018 10:50:48 : INFO : MxRT runtime data collection station.
21.05.2018 10:50:48 : INFO : Version 1.0, 2017
21.05.2018 10:50:48 : INFO : Kuzugashev VI, penart@list.ru
21.05.2018 10:50:48 : INFO : Load configuration ...
21.05.2018 10:50:48 : INFO : Configuration loaded.
21.05.2018 10:50:48 : INFO : Runtime con1 connector MxConnectorOPC.dll loaded
21.05.2018 10:50:48 : INFO : Runtime con1 connector string ICONICS.SimulatorOPCDA
21.05.2018 10:50:48 : INFO : Runtime con1 thread started
21.05.2018 10:50:48 : INFO : Server started.
21.05.2018 10:51:21 : INFO : Runtime con1 thread stopped
21.05.2018 10:51:21 : INFO : Server stoped.
21.05.2018 14:44:15 : INFO : MxRT runtime data collection station.
21.05.2018 14:44:15 : INFO : Version 1.0, 2017
21.05.2018 14:44:15 : INFO : Kuzugashev VI, penart@list.ru
21.05.2018 14:44:15 : INFO : Load configuration ...
21.05.2018 14:44:15 : INFO : Configuration loaded.
21.05.2018 14:44:15 : ERROR : StartServiceCtrlDispatcher(), error 1063
21.05.2018 14:45:03 : INFO : MxRT runtime data collection station.
21.05.2018 14:45:03 : INFO : Version 1.0, 2017
21.05.2018 14:45:03 : INFO : Kuzugashev VI, penart@list.ru
21.05.2018 14:45:03 : INFO : Load configuration ...
21.05.2018 14:45:03 : INFO : Configuration loaded.
21.05.2018 14:45:03 : ERROR : StartServiceCtrlDispatcher(), error 1063
21.05.2018 14:48:21 : INFO : MxRT runtime data collection station.
21.05.2018 14:48:21 : INFO : Version 1.0, 2017
21.05.2018 14:48:21 : INFO : Kuzugashev VI, penart@list.ru
21.05.2018 14:48:21 : INFO : Load configuration ...
21.05.2018 14:48:21 : DEBUG : Storage.Enable;0
21.05.2018 14:48:21 : DEBUG : Storage.Enable
21.05.2018 14:48:21 : DEBUG : 0
21.05.2018 14:48:21 : DEBUG : RtLink.Enable;0
21.05.2018 14:48:21 : DEBUG : RtLink.Enable
21.05.2018 14:48:21 : DEBUG : 0
21.05.2018 14:48:21 : DEBUG : RtLink.Port;8888
21.05.2018 14:48:21 : DEBUG : RtLink.Port
21.05.2018 14:48:21 : DEBUG : 8888
21.05.2018 14:48:21 : DEBUG : RtLinkSql.Enable;0
21.05.2018 14:48:21 : DEBUG : RtLinkSql.Enable
21.05.2018 14:48:21 : DEBUG : 0
21.05.2018 14:48:21 : DEBUG : RtLinkSql.Port;8889
21.05.2018 14:48:21 : DEBUG : RtLinkSql.Port
21.05.2018 14:48:21 : DEBUG : 8889
21.05.2018 14:48:21 : DEBUG : Modbus.Enable;0
21.05.2018 14:48:21 : DEBUG : Modbus.Enable
21.05.2018 14:48:21 : DEBUG : 0
21.05.2018 14:48:21 : DEBUG : Modbus.Port;502
21.05.2018 14:48:21 : DEBUG : Modbus.Port
21.05.2018 14:48:21 : DEBUG : 502
21.05.2018 14:48:21 : DEBUG : Modbus.Addr;127.0.0.1
21.05.2018 14:48:21 : DEBUG : Modbus.Addr
21.05.2018 14:48:21 : DEBUG : 127.0.0.1
21.05.2018 14:48:21 : DEBUG : 0;500
21.05.2018 14:48:21 : DEBUG : 0
21.05.2018 14:48:21 : DEBUG : 500
21.05.2018 14:48:21 : DEBUG : 1;1000
21.05.2018 14:48:21 : DEBUG : 1
21.05.2018 14:48:21 : DEBUG : 1000
21.05.2018 14:48:21 : DEBUG : 3;3000
21.05.2018 14:48:21 : DEBUG : 3
21.05.2018 14:48:21 : DEBUG : 3000
21.05.2018 14:48:21 : DEBUG : 5;5000
21.05.2018 14:48:21 : DEBUG : 5
21.05.2018 14:48:21 : DEBUG : 5000
21.05.2018 14:48:21 : DEBUG : 15;1500
21.05.2018 14:48:21 : DEBUG : 15
21.05.2018 14:48:21 : DEBUG : 1500
21.05.2018 14:48:21 : DEBUG : 30;30000
21.05.2018 14:48:21 : DEBUG : 30
21.05.2018 14:48:21 : DEBUG : 30000
21.05.2018 14:48:21 : DEBUG : 60;60000
21.05.2018 14:48:21 : DEBUG : 60
21.05.2018 14:48:21 : DEBUG : 60000
21.05.2018 14:48:21 : DEBUG : con1;MxConnectorOPC.dll;ICONICS.SimulatorOPCDA
21.05.2018 14:48:21 : DEBUG : con1
21.05.2018 14:48:21 : DEBUG : MxConnectorOPC.dll
21.05.2018 14:48:21 : DEBUG : ICONICS.SimulatorOPCDA
21.05.2018 14:48:21 : DEBUG : tag1;con1;Numeric._I2;1;int16;0.0;100.0;0;0;1.0
21.05.2018 14:48:21 : DEBUG : tag1
21.05.2018 14:48:21 : DEBUG : tag1
21.05.2018 14:48:21 : DEBUG : con1
21.05.2018 14:48:21 : DEBUG : Numeric._I2
21.05.2018 14:48:21 : DEBUG : 1
21.05.2018 14:48:21 : DEBUG : int16
21.05.2018 14:48:21 : DEBUG : 0.0
21.05.2018 14:48:21 : DEBUG : 100.0
21.05.2018 14:48:21 : DEBUG : 0
21.05.2018 14:48:21 : DEBUG : 0
21.05.2018 14:48:21 : DEBUG : 1.0
21.05.2018 14:48:21 : DEBUG : tag2;con1;Numeric._I2;1;int16;0.0;100.0;0;0;1.0
21.05.2018 14:48:21 : DEBUG : tag2
21.05.2018 14:48:21 : DEBUG : tag2
21.05.2018 14:48:21 : DEBUG : con1
21.05.2018 14:48:21 : DEBUG : Numeric._I2
21.05.2018 14:48:21 : DEBUG : 1
21.05.2018 14:48:21 : DEBUG : int16
21.05.2018 14:48:21 : DEBUG : 0.0
21.05.2018 14:48:21 : DEBUG : 100.0
21.05.2018 14:48:21 : DEBUG : 0
21.05.2018 14:48:21 : DEBUG : 0
21.05.2018 14:48:21 : DEBUG : 1.0
21.05.2018 14:48:21 : DEBUG : tag3;con1;Numeric._I2;1;int16;0.0;100.0;0;0;1.0
21.05.2018 14:48:21 : DEBUG : tag3
21.05.2018 14:48:21 : DEBUG : tag3
21.05.2018 14:48:21 : DEBUG : con1
21.05.2018 14:48:21 : DEBUG : Numeric._I2
21.05.2018 14:48:21 : DEBUG : 1
21.05.2018 14:48:21 : DEBUG : int16
21.05.2018 14:48:21 : DEBUG : 0.0
21.05.2018 14:48:21 : DEBUG : 100.0
21.05.2018 14:48:21 : DEBUG : 0
21.05.2018 14:48:21 : DEBUG : 0
21.05.2018 14:48:21 : DEBUG : 1.0
21.05.2018 14:48:21 : DEBUG : tag4;con1;Numeric._I2;1;int16;0.0;100.0;0;0;1.0
21.05.2018 14:48:21 : DEBUG : tag4
21.05.2018 14:48:21 : DEBUG : tag4
21.05.2018 14:48:21 : DEBUG : con1
21.05.2018 14:48:21 : DEBUG : Numeric._I2
21.05.2018 14:48:21 : DEBUG : 1
21.05.2018 14:48:21 : DEBUG : int16
21.05.2018 14:48:21 : DEBUG : 0.0
21.05.2018 14:48:21 : DEBUG : 100.0
21.05.2018 14:48:21 : DEBUG : 0
21.05.2018 14:48:21 : DEBUG : 0
21.05.2018 14:48:21 : DEBUG : 1.0
21.05.2018 14:48:21 : DEBUG : tag5;con1;Numeric._I2;1;int16;0.0;100.0;0;0;1.0
21.05.2018 14:48:21 : DEBUG : tag5
21.05.2018 14:48:21 : DEBUG : tag5
21.05.2018 14:48:21 : DEBUG : con1
21.05.2018 14:48:21 : DEBUG : Numeric._I2
21.05.2018 14:48:21 : DEBUG : 1
21.05.2018 14:48:21 : DEBUG : int16
21.05.2018 14:48:21 : DEBUG : 0.0
21.05.2018 14:48:21 : DEBUG : 100.0
21.05.2018 14:48:21 : DEBUG : 0
21.05.2018 14:48:21 : DEBUG : 0
21.05.2018 14:48:21 : DEBUG : 1.0
21.05.2018 14:48:21 : DEBUG : tag6;con1;Numeric._I2;1;int16;0.0;100.0;0;0;1.0
21.05.2018 14:48:21 : DEBUG : tag6
21.05.2018 14:48:21 : DEBUG : tag6
21.05.2018 14:48:21 : DEBUG : con1
21.05.2018 14:48:21 : DEBUG : Numeric._I2
21.05.2018 14:48:21 : DEBUG : 1
21.05.2018 14:48:21 : DEBUG : int16
21.05.2018 14:48:21 : DEBUG : 0.0
21.05.2018 14:48:21 : DEBUG : 100.0
21.05.2018 14:48:21 : DEBUG : 0
21.05.2018 14:48:21 : DEBUG : 0
21.05.2018 14:48:21 : DEBUG : 1.0
21.05.2018 14:48:21 : DEBUG : tag7;con1;Numeric._I2;1;int16;0.0;100.0;0;0;1.0
21.05.2018 14:48:21 : DEBUG : tag7
21.05.2018 14:48:21 : DEBUG : tag7
21.05.2018 14:48:21 : DEBUG : con1
21.05.2018 14:48:21 : DEBUG : Numeric._I2
21.05.2018 14:48:21 : DEBUG : 1
21.05.2018 14:48:21 : DEBUG : int16
21.05.2018 14:48:21 : DEBUG : 0.0
21.05.2018 14:48:21 : DEBUG : 100.0
21.05.2018 14:48:21 : DEBUG : 0
21.05.2018 14:48:21 : DEBUG : 0
21.05.2018 14:48:21 : DEBUG : 1.0
21.05.2018 14:48:21 : DEBUG : tag8;con1;Numeric._I2;1;int16;0.0;100.0;0;0;1.0
21.05.2018 14:48:21 : DEBUG : tag8
21.05.2018 14:48:21 : DEBUG : tag8
21.05.2018 14:48:21 : DEBUG : con1
21.05.2018 14:48:21 : DEBUG : Numeric._I2
21.05.2018 14:48:21 : DEBUG : 1
21.05.2018 14:48:21 : DEBUG : int16
21.05.2018 14:48:21 : DEBUG : 0.0
21.05.2018 14:48:21 : DEBUG : 100.0
21.05.2018 14:48:21 : DEBUG : 0
21.05.2018 14:48:21 : DEBUG : 0
21.05.2018 14:48:21 : DEBUG : 1.0
21.05.2018 14:48:21 : DEBUG : tag9;con1;Numeric._I2;1;int16;0.0;100.0;0;0;1.0
21.05.2018 14:48:21 : DEBUG : tag9
21.05.2018 14:48:21 : DEBUG : tag9
21.05.2018 14:48:21 : DEBUG : con1
21.05.2018 14:48:21 : DEBUG : Numeric._I2
21.05.2018 14:48:21 : DEBUG : 1
21.05.2018 14:48:21 : DEBUG : int16
21.05.2018 14:48:21 : DEBUG : 0.0
21.05.2018 14:48:21 : DEBUG : 100.0
21.05.2018 14:48:21 : DEBUG : 0
21.05.2018 14:48:21 : DEBUG : 0
21.05.2018 14:48:21 : DEBUG : 1.0
21.05.2018 14:48:21 : DEBUG : tag10;con1;1-Numeric._I2;1;int16;0.0;100.0;0;0;1.0
21.05.2018 14:48:21 : DEBUG : tag10
21.05.2018 14:48:21 : DEBUG : tag10
21.05.2018 14:48:21 : DEBUG : con1
21.05.2018 14:48:21 : DEBUG : 1-Numeric._I2
21.05.2018 14:48:21 : DEBUG : 1
21.05.2018 14:48:21 : DEBUG : int16
21.05.2018 14:48:21 : DEBUG : 0.0
21.05.2018 14:48:21 : DEBUG : 100.0
21.05.2018 14:48:21 : DEBUG : 0
21.05.2018 14:48:21 : DEBUG : 0
21.05.2018 14:48:21 : DEBUG : 1.0
21.05.2018 14:48:21 : INFO : Configuration loaded.
21.05.2018 14:48:21 : ERROR : StartServiceCtrlDispatcher(), error 1063
21.05.2018 14:49:20 : INFO : MxRT runtime data collection station.
21.05.2018 14:49:20 : INFO : Version 1.0, 2017
21.05.2018 14:49:20 : INFO : Kuzugashev VI, penart@list.ru
21.05.2018 14:49:20 : INFO : Load configuration ...
21.05.2018 14:49:20 : DEBUG : Storage.Enable;0
21.05.2018 14:49:20 : DEBUG : Storage.Enable
21.05.2018 14:49:20 : DEBUG : 0
21.05.2018 14:49:20 : DEBUG : RtLink.Enable;0
21.05.2018 14:49:20 : DEBUG : RtLink.Enable
21.05.2018 14:49:20 : DEBUG : 0
21.05.2018 14:49:20 : DEBUG : RtLink.Port;8888
21.05.2018 14:49:20 : DEBUG : RtLink.Port
21.05.2018 14:49:20 : DEBUG : 8888
21.05.2018 14:49:20 : DEBUG : RtLinkSql.Enable;0
21.05.2018 14:49:20 : DEBUG : RtLinkSql.Enable
21.05.2018 14:49:20 : DEBUG : 0
21.05.2018 14:49:20 : DEBUG : RtLinkSql.Port;8889
21.05.2018 14:49:20 : DEBUG : RtLinkSql.Port
21.05.2018 14:49:20 : DEBUG : 8889
21.05.2018 14:49:20 : DEBUG : Modbus.Enable;0
21.05.2018 14:49:20 : DEBUG : Modbus.Enable
21.05.2018 14:49:20 : DEBUG : 0
21.05.2018 14:49:20 : DEBUG : Modbus.Port;502
21.05.2018 14:49:20 : DEBUG : Modbus.Port
21.05.2018 14:49:20 : DEBUG : 502
21.05.2018 14:49:20 : DEBUG : Modbus.Addr;127.0.0.1
21.05.2018 14:49:20 : DEBUG : Modbus.Addr
21.05.2018 14:49:20 : DEBUG : 127.0.0.1
21.05.2018 14:49:20 : DEBUG : 0;500
21.05.2018 14:49:20 : DEBUG : 0
21.05.2018 14:49:20 : DEBUG : 500
21.05.2018 14:49:20 : DEBUG : 1;1000
21.05.2018 14:49:20 : DEBUG : 1
21.05.2018 14:49:20 : DEBUG : 1000
21.05.2018 14:49:20 : DEBUG : 3;3000
21.05.2018 14:49:20 : DEBUG : 3
21.05.2018 14:49:20 : DEBUG : 3000
21.05.2018 14:49:20 : DEBUG : 5;5000
21.05.2018 14:49:20 : DEBUG : 5
21.05.2018 14:49:20 : DEBUG : 5000
21.05.2018 14:49:20 : DEBUG : 15;1500
21.05.2018 14:49:20 : DEBUG : 15
21.05.2018 14:49:20 : DEBUG : 1500
21.05.2018 14:49:20 : DEBUG : 30;30000
21.05.2018 14:49:20 : DEBUG : 30
21.05.2018 14:49:20 : DEBUG : 30000
21.05.2018 14:49:20 : DEBUG : 60;60000
21.05.2018 14:49:20 : DEBUG : 60
21.05.2018 14:49:20 : DEBUG : 60000
21.05.2018 14:49:20 : DEBUG : con1;MxConnectorOPC.dll;ICONICS.SimulatorOPCDA
21.05.2018 14:49:20 : DEBUG : con1
21.05.2018 14:49:20 : DEBUG : MxConnectorOPC.dll
21.05.2018 14:49:20 : DEBUG : ICONICS.SimulatorOPCDA
21.05.2018 14:49:20 : DEBUG : tag1;con1;Numeric._I2;1;int16;0.0;100.0;0;0;1.0
21.05.2018 14:49:20 : DEBUG : tag1
21.05.2018 14:49:20 : DEBUG : tag1
21.05.2018 14:49:20 : DEBUG : con1
21.05.2018 14:49:20 : DEBUG : Numeric._I2
21.05.2018 14:49:20 : DEBUG : 1
21.05.2018 14:49:20 : DEBUG : int16
21.05.2018 14:49:20 : DEBUG : 0.0
21.05.2018 14:49:20 : DEBUG : 100.0
21.05.2018 14:49:20 : DEBUG : 0
21.05.2018 14:49:20 : DEBUG : 0
21.05.2018 14:49:20 : DEBUG : 1.0
21.05.2018 14:49:20 : DEBUG : tag2;con1;Numeric._I2;1;int16;0.0;100.0;0;0;1.0
21.05.2018 14:49:20 : DEBUG : tag2
21.05.2018 14:49:20 : DEBUG : tag2
21.05.2018 14:49:20 : DEBUG : con1
21.05.2018 14:49:20 : DEBUG : Numeric._I2
21.05.2018 14:49:20 : DEBUG : 1
21.05.2018 14:49:20 : DEBUG : int16
21.05.2018 14:49:20 : DEBUG : 0.0
21.05.2018 14:49:20 : DEBUG : 100.0
21.05.2018 14:49:20 : DEBUG : 0
21.05.2018 14:49:20 : DEBUG : 0
21.05.2018 14:49:20 : DEBUG : 1.0
21.05.2018 14:49:20 : DEBUG : tag3;con1;Numeric._I2;1;int16;0.0;100.0;0;0;1.0
21.05.2018 14:49:20 : DEBUG : tag3
21.05.2018 14:49:20 : DEBUG : tag3
21.05.2018 14:49:20 : DEBUG : con1
21.05.2018 14:49:20 : DEBUG : Numeric._I2
21.05.2018 14:49:20 : DEBUG : 1
21.05.2018 14:49:20 : DEBUG : int16
21.05.2018 14:49:20 : DEBUG : 0.0
21.05.2018 14:49:20 : DEBUG : 100.0
21.05.2018 14:49:20 : DEBUG : 0
21.05.2018 14:49:20 : DEBUG : 0
21.05.2018 14:49:20 : DEBUG : 1.0
21.05.2018 14:49:20 : DEBUG : tag4;con1;Numeric._I2;1;int16;0.0;100.0;0;0;1.0
21.05.2018 14:49:20 : DEBUG : tag4
21.05.2018 14:49:20 : DEBUG : tag4
21.05.2018 14:49:20 : DEBUG : con1
21.05.2018 14:49:20 : DEBUG : Numeric._I2
21.05.2018 14:49:20 : DEBUG : 1
21.05.2018 14:49:20 : DEBUG : int16
21.05.2018 14:49:20 : DEBUG : 0.0
21.05.2018 14:49:20 : DEBUG : 100.0
21.05.2018 14:49:20 : DEBUG : 0
21.05.2018 14:49:20 : DEBUG : 0
21.05.2018 14:49:20 : DEBUG : 1.0
21.05.2018 14:49:20 : DEBUG : tag5;con1;Numeric._I2;1;int16;0.0;100.0;0;0;1.0
21.05.2018 14:49:20 : DEBUG : tag5
21.05.2018 14:49:20 : DEBUG : tag5
21.05.2018 14:49:20 : DEBUG : con1
21.05.2018 14:49:20 : DEBUG : Numeric._I2
21.05.2018 14:49:20 : DEBUG : 1
21.05.2018 14:49:20 : DEBUG : int16
21.05.2018 14:49:20 : DEBUG : 0.0
21.05.2018 14:49:20 : DEBUG : 100.0
21.05.2018 14:49:20 : DEBUG : 0
21.05.2018 14:49:20 : DEBUG : 0
21.05.2018 14:49:20 : DEBUG : 1.0
21.05.2018 14:49:20 : DEBUG : tag6;con1;Numeric._I2;1;int16;0.0;100.0;0;0;1.0
21.05.2018 14:49:20 : DEBUG : tag6
21.05.2018 14:49:20 : DEBUG : tag6
21.05.2018 14:49:20 : DEBUG : con1
21.05.2018 14:49:20 : DEBUG : Numeric._I2
21.05.2018 14:49:20 : DEBUG : 1
21.05.2018 14:49:20 : DEBUG : int16
21.05.2018 14:49:20 : DEBUG : 0.0
21.05.2018 14:49:20 : DEBUG : 100.0
21.05.2018 14:49:20 : DEBUG : 0
21.05.2018 14:49:20 : DEBUG : 0
21.05.2018 14:49:20 : DEBUG : 1.0
21.05.2018 14:49:20 : DEBUG : tag7;con1;Numeric._I2;1;int16;0.0;100.0;0;0;1.0
21.05.2018 14:49:20 : DEBUG : tag7
21.05.2018 14:49:20 : DEBUG : tag7
21.05.2018 14:49:20 : DEBUG : con1
21.05.2018 14:49:20 : DEBUG : Numeric._I2
21.05.2018 14:49:20 : DEBUG : 1
21.05.2018 14:49:20 : DEBUG : int16
21.05.2018 14:49:20 : DEBUG : 0.0
21.05.2018 14:49:20 : DEBUG : 100.0
21.05.2018 14:49:20 : DEBUG : 0
21.05.2018 14:49:20 : DEBUG : 0
21.05.2018 14:49:20 : DEBUG : 1.0
21.05.2018 14:49:20 : DEBUG : tag8;con1;Numeric._I2;1;int16;0.0;100.0;0;0;1.0
21.05.2018 14:49:20 : DEBUG : tag8
21.05.2018 14:49:20 : DEBUG : tag8
21.05.2018 14:49:20 : DEBUG : con1
21.05.2018 14:49:20 : DEBUG : Numeric._I2
21.05.2018 14:49:20 : DEBUG : 1
21.05.2018 14:49:20 : DEBUG : int16
21.05.2018 14:49:20 : DEBUG : 0.0
21.05.2018 14:49:20 : DEBUG : 100.0
21.05.2018 14:49:20 : DEBUG : 0
21.05.2018 14:49:20 : DEBUG : 0
21.05.2018 14:49:20 : DEBUG : 1.0
21.05.2018 14:49:20 : DEBUG : tag9;con1;Numeric._I2;1;int16;0.0;100.0;0;0;1.0
21.05.2018 14:49:20 : DEBUG : tag9
21.05.2018 14:49:20 : DEBUG : tag9
21.05.2018 14:49:20 : DEBUG : con1
21.05.2018 14:49:20 : DEBUG : Numeric._I2
21.05.2018 14:49:20 : DEBUG : 1
21.05.2018 14:49:20 : DEBUG : int16
21.05.2018 14:49:20 : DEBUG : 0.0
21.05.2018 14:49:20 : DEBUG : 100.0
21.05.2018 14:49:20 : DEBUG : 0
21.05.2018 14:49:20 : DEBUG : 0
21.05.2018 14:49:20 : DEBUG : 1.0
21.05.2018 14:49:20 : DEBUG : tag10;con1;1-Numeric._I2;1;int16;0.0;100.0;0;0;1.0
21.05.2018 14:49:20 : DEBUG : tag10
21.05.2018 14:49:20 : DEBUG : tag10
21.05.2018 14:49:20 : DEBUG : con1
21.05.2018 14:49:20 : DEBUG : 1-Numeric._I2
21.05.2018 14:49:20 : DEBUG : 1
21.05.2018 14:49:20 : DEBUG : int16
21.05.2018 14:49:20 : DEBUG : 0.0
21.05.2018 14:49:20 : DEBUG : 100.0
21.05.2018 14:49:20 : DEBUG : 0
21.05.2018 14:49:20 : DEBUG : 0
21.05.2018 14:49:20 : DEBUG : 1.0
21.05.2018 14:49:20 : INFO : Configuration loaded.
21.05.2018 14:49:20 : ERROR : StartServiceCtrlDispatcher(), error 1063
21.05.2018 14:50:09 : INFO : MxRT runtime data collection station.
21.05.2018 14:50:09 : INFO : Version 1.0, 2017
21.05.2018 14:50:09 : INFO : Kuzugashev VI, penart@list.ru
21.05.2018 14:50:09 : INFO : Load configuration ...
21.05.2018 14:50:09 : DEBUG : Storage.Enable;0
21.05.2018 14:50:09 : DEBUG : Storage.Enable
21.05.2018 14:50:09 : DEBUG : 0
21.05.2018 14:50:09 : DEBUG : RtLink.Enable;0
21.05.2018 14:50:09 : DEBUG : RtLink.Enable
21.05.2018 14:50:09 : DEBUG : 0
21.05.2018 14:50:09 : DEBUG : RtLink.Port;8888
21.05.2018 14:50:09 : DEBUG : RtLink.Port
21.05.2018 14:50:09 : DEBUG : 8888
21.05.2018 14:50:09 : DEBUG : RtLinkSql.Enable;0
21.05.2018 14:50:09 : DEBUG : RtLinkSql.Enable
21.05.2018 14:50:09 : DEBUG : 0
21.05.2018 14:50:09 : DEBUG : RtLinkSql.Port;8889
21.05.2018 14:50:09 : DEBUG : RtLinkSql.Port
21.05.2018 14:50:09 : DEBUG : 8889
21.05.2018 14:50:09 : DEBUG : Modbus.Enable;0
21.05.2018 14:50:09 : DEBUG : Modbus.Enable
21.05.2018 14:50:09 : DEBUG : 0
21.05.2018 14:50:09 : DEBUG : Modbus.Port;502
21.05.2018 14:50:09 : DEBUG : Modbus.Port
21.05.2018 14:50:09 : DEBUG : 502
21.05.2018 14:50:09 : DEBUG : Modbus.Addr;127.0.0.1
21.05.2018 14:50:09 : DEBUG : Modbus.Addr
21.05.2018 14:50:09 : DEBUG : 127.0.0.1
21.05.2018 14:50:09 : DEBUG : 0;500
21.05.2018 14:50:09 : DEBUG : 0
21.05.2018 14:50:09 : DEBUG : 500
21.05.2018 14:50:09 : DEBUG : 1;1000
21.05.2018 14:50:09 : DEBUG : 1
21.05.2018 14:50:09 : DEBUG : 1000
21.05.2018 14:50:09 : DEBUG : 3;3000
21.05.2018 14:50:09 : DEBUG : 3
21.05.2018 14:50:09 : DEBUG : 3000
21.05.2018 14:50:09 : DEBUG : 5;5000
21.05.2018 14:50:09 : DEBUG : 5
21.05.2018 14:50:09 : DEBUG : 5000
21.05.2018 14:50:09 : DEBUG : 15;1500
21.05.2018 14:50:09 : DEBUG : 15
21.05.2018 14:50:09 : DEBUG : 1500
21.05.2018 14:50:09 : DEBUG : 30;30000
21.05.2018 14:50:09 : DEBUG : 30
21.05.2018 14:50:09 : DEBUG : 30000
21.05.2018 14:50:09 : DEBUG : 60;60000
21.05.2018 14:50:09 : DEBUG : 60
21.05.2018 14:50:09 : DEBUG : 60000
21.05.2018 14:50:09 : DEBUG : con1;MxConnectorOPC.dll;ICONICS.SimulatorOPCDA
21.05.2018 14:50:09 : DEBUG : con1
21.05.2018 14:50:09 : DEBUG : MxConnectorOPC.dll
21.05.2018 14:50:09 : DEBUG : ICONICS.SimulatorOPCDA
21.05.2018 14:50:09 : DEBUG : tag1;con1;Numeric._I2;1;int16;0.0;100.0;0;0;1.0
21.05.2018 14:50:09 : DEBUG : tag1
21.05.2018 14:50:09 : DEBUG : tag1
21.05.2018 14:50:09 : DEBUG : con1
21.05.2018 14:50:09 : DEBUG : Numeric._I2
21.05.2018 14:50:09 : DEBUG : 1
21.05.2018 14:50:09 : DEBUG : int16
21.05.2018 14:50:09 : DEBUG : 0.0
21.05.2018 14:50:09 : DEBUG : 100.0
21.05.2018 14:50:09 : DEBUG : 0
21.05.2018 14:50:09 : DEBUG : 0
21.05.2018 14:50:09 : DEBUG : 1.0
21.05.2018 14:50:09 : DEBUG : tag2;con1;Numeric._I2;1;int16;0.0;100.0;0;0;1.0
21.05.2018 14:50:09 : DEBUG : tag2
21.05.2018 14:50:09 : DEBUG : tag2
21.05.2018 14:50:09 : DEBUG : con1
21.05.2018 14:50:09 : DEBUG : Numeric._I2
21.05.2018 14:50:09 : DEBUG : 1
21.05.2018 14:50:09 : DEBUG : int16
21.05.2018 14:50:09 : DEBUG : 0.0
21.05.2018 14:50:09 : DEBUG : 100.0
21.05.2018 14:50:09 : DEBUG : 0
21.05.2018 14:50:09 : DEBUG : 0
21.05.2018 14:50:09 : DEBUG : 1.0
21.05.2018 14:50:09 : DEBUG : tag3;con1;Numeric._I2;1;int16;0.0;100.0;0;0;1.0
21.05.2018 14:50:09 : DEBUG : tag3
21.05.2018 14:50:09 : DEBUG : tag3
21.05.2018 14:50:09 : DEBUG : con1
21.05.2018 14:50:09 : DEBUG : Numeric._I2
21.05.2018 14:50:09 : DEBUG : 1
21.05.2018 14:50:09 : DEBUG : int16
21.05.2018 14:50:09 : DEBUG : 0.0
21.05.2018 14:50:09 : DEBUG : 100.0
21.05.2018 14:50:09 : DEBUG : 0
21.05.2018 14:50:09 : DEBUG : 0
21.05.2018 14:50:09 : DEBUG : 1.0
21.05.2018 14:50:09 : DEBUG : tag4;con1;Numeric._I2;1;int16;0.0;100.0;0;0;1.0
21.05.2018 14:50:09 : DEBUG : tag4
21.05.2018 14:50:09 : DEBUG : tag4
21.05.2018 14:50:09 : DEBUG : con1
21.05.2018 14:50:09 : DEBUG : Numeric._I2
21.05.2018 14:50:09 : DEBUG : 1
21.05.2018 14:50:09 : DEBUG : int16
21.05.2018 14:50:09 : DEBUG : 0.0
21.05.2018 14:50:09 : DEBUG : 100.0
21.05.2018 14:50:09 : DEBUG : 0
21.05.2018 14:50:09 : DEBUG : 0
21.05.2018 14:50:09 : DEBUG : 1.0
21.05.2018 14:50:09 : DEBUG : tag5;con1;Numeric._I2;1;int16;0.0;100.0;0;0;1.0
21.05.2018 14:50:09 : DEBUG : tag5
21.05.2018 14:50:09 : DEBUG : tag5
21.05.2018 14:50:09 : DEBUG : con1
21.05.2018 14:50:09 : DEBUG : Numeric._I2
21.05.2018 14:50:09 : DEBUG : 1
21.05.2018 14:50:09 : DEBUG : int16
21.05.2018 14:50:09 : DEBUG : 0.0
21.05.2018 14:50:09 : DEBUG : 100.0
21.05.2018 14:50:09 : DEBUG : 0
21.05.2018 14:50:09 : DEBUG : 0
21.05.2018 14:50:09 : DEBUG : 1.0
21.05.2018 14:50:09 : DEBUG : tag6;con1;Numeric._I2;1;int16;0.0;100.0;0;0;1.0
21.05.2018 14:50:09 : DEBUG : tag6
21.05.2018 14:50:09 : DEBUG : tag6
21.05.2018 14:50:09 : DEBUG : con1
21.05.2018 14:50:09 : DEBUG : Numeric._I2
21.05.2018 14:50:09 : DEBUG : 1
21.05.2018 14:50:09 : DEBUG : int16
21.05.2018 14:50:09 : DEBUG : 0.0
21.05.2018 14:50:09 : DEBUG : 100.0
21.05.2018 14:50:09 : DEBUG : 0
21.05.2018 14:50:09 : DEBUG : 0
21.05.2018 14:50:09 : DEBUG : 1.0
21.05.2018 14:50:09 : DEBUG : tag7;con1;Numeric._I2;1;int16;0.0;100.0;0;0;1.0
21.05.2018 14:50:09 : DEBUG : tag7
21.05.2018 14:50:09 : DEBUG : tag7
21.05.2018 14:50:09 : DEBUG : con1
21.05.2018 14:50:09 : DEBUG : Numeric._I2
21.05.2018 14:50:09 : DEBUG : 1
21.05.2018 14:50:09 : DEBUG : int16
21.05.2018 14:50:09 : DEBUG : 0.0
21.05.2018 14:50:09 : DEBUG : 100.0
21.05.2018 14:50:09 : DEBUG : 0
21.05.2018 14:50:09 : DEBUG : 0
21.05.2018 14:50:09 : DEBUG : 1.0
21.05.2018 14:50:09 : DEBUG : tag8;con1;Numeric._I2;1;int16;0.0;100.0;0;0;1.0
21.05.2018 14:50:09 : DEBUG : tag8
21.05.2018 14:50:09 : DEBUG : tag8
21.05.2018 14:50:09 : DEBUG : con1
21.05.2018 14:50:09 : DEBUG : Numeric._I2
21.05.2018 14:50:09 : DEBUG : 1
21.05.2018 14:50:09 : DEBUG : int16
21.05.2018 14:50:09 : DEBUG : 0.0
21.05.2018 14:50:09 : DEBUG : 100.0
21.05.2018 14:50:09 : DEBUG : 0
21.05.2018 14:50:09 : DEBUG : 0
21.05.2018 14:50:09 : DEBUG : 1.0
21.05.2018 14:50:09 : DEBUG : tag9;con1;Numeric._I2;1;int16;0.0;100.0;0;0;1.0
21.05.2018 14:50:09 : DEBUG : tag9
21.05.2018 14:50:09 : DEBUG : tag9
21.05.2018 14:50:09 : DEBUG : con1
21.05.2018 14:50:09 : DEBUG : Numeric._I2
21.05.2018 14:50:09 : DEBUG : 1
21.05.2018 14:50:09 : DEBUG : int16
21.05.2018 14:50:09 : DEBUG : 0.0
21.05.2018 14:50:09 : DEBUG : 100.0
21.05.2018 14:50:09 : DEBUG : 0
21.05.2018 14:50:09 : DEBUG : 0
21.05.2018 14:50:10 : DEBUG : 1.0
21.05.2018 14:50:10 : DEBUG : tag10;con1;1-Numeric._I2;1;int16;0.0;100.0;0;0;1.0
21.05.2018 14:50:10 : DEBUG : tag10
21.05.2018 14:50:10 : DEBUG : tag10
21.05.2018 14:50:10 : DEBUG : con1
21.05.2018 14:50:10 : DEBUG : 1-Numeric._I2
21.05.2018 14:50:10 : DEBUG : 1
21.05.2018 14:50:10 : DEBUG : int16
21.05.2018 14:50:10 : DEBUG : 0.0
21.05.2018 14:50:10 : DEBUG : 100.0
21.05.2018 14:50:10 : DEBUG : 0
21.05.2018 14:50:10 : DEBUG : 0
21.05.2018 14:50:10 : DEBUG : 1.0
21.05.2018 14:50:10 : INFO : Configuration loaded.
21.05.2018 14:50:10 : ERROR : StartServiceCtrlDispatcher(), error 1063
