18.05.2018 08:50:58 : INFO : MxRT runtime data collection station.
18.05.2018 08:50:58 : INFO : Version 1.0, 2017
18.05.2018 08:50:58 : INFO : Kuzugashev VI, penart@list.ru
18.05.2018 08:50:58 : INFO : Load configuration ...
18.05.2018 08:50:58 : INFO : Configuration loaded.
18.05.2018 08:50:58 : ERROR : StartServiceCtrlDispatcher(), error 1063
18.05.2018 08:57:42 : INFO : MxRT runtime data collection station.
18.05.2018 08:57:42 : INFO : Version 1.0, 2017
18.05.2018 08:57:42 : INFO : Kuzugashev VI, penart@list.ru
18.05.2018 08:57:42 : INFO : Load configuration ...
18.05.2018 08:57:42 : INFO : Configuration loaded.
18.05.2018 08:57:42 : ERROR : StartServiceCtrlDispatcher(), error 1063
18.05.2018 09:03:13 : INFO : MxRT runtime data collection station.
18.05.2018 09:03:13 : INFO : Version 1.0, 2017
18.05.2018 09:03:13 : INFO : Kuzugashev VI, penart@list.ru
18.05.2018 09:03:13 : INFO : Load configuration ...
18.05.2018 09:04:47 : INFO : Configuration loaded.
18.05.2018 09:04:47 : ERROR : StartServiceCtrlDispatcher(), error 1063
18.05.2018 09:12:17 : INFO : MxRT runtime data collection station.
18.05.2018 09:12:17 : INFO : Version 1.0, 2017
18.05.2018 09:12:17 : INFO : Kuzugashev VI, penart@list.ru
18.05.2018 09:12:17 : INFO : Load configuration ...
18.05.2018 09:12:21 : INFO : Configuration loaded.
18.05.2018 09:12:21 : ERROR : StartServiceCtrlDispatcher(), error 1063
18.05.2018 09:13:32 : INFO : MxRT runtime data collection station.
18.05.2018 09:13:32 : INFO : Version 1.0, 2017
18.05.2018 09:13:32 : INFO : Kuzugashev VI, penart@list.ru
18.05.2018 09:13:32 : INFO : Load configuration ...
18.05.2018 09:13:32 : INFO : Configuration loaded.
18.05.2018 09:13:32 : ERROR : StartServiceCtrlDispatcher(), error 1063
18.05.2018 09:14:20 : INFO : MxRT runtime data collection station.
18.05.2018 09:14:20 : INFO : Version 1.0, 2017
18.05.2018 09:14:20 : INFO : Kuzugashev VI, penart@list.ru
18.05.2018 09:14:20 : INFO : Load configuration ...
18.05.2018 09:14:20 : INFO : Configuration loaded.
18.05.2018 09:14:20 : INFO : Runtime con1 connector MxConnectorOPC.dll loaded
18.05.2018 09:14:20 : INFO : Runtime con1 thread started
18.05.2018 09:14:21 : INFO : Server started.
18.05.2018 09:15:52 : INFO : MxRT runtime data collection station.
18.05.2018 09:15:52 : INFO : Version 1.0, 2017
18.05.2018 09:15:52 : INFO : Kuzugashev VI, penart@list.ru
18.05.2018 09:15:52 : INFO : Load configuration ...
18.05.2018 09:15:52 : INFO : Configuration loaded.
18.05.2018 09:15:52 : INFO : Runtime con1 connector MxConnectorOPC.dll loaded
18.05.2018 09:15:52 : INFO : Runtime con1 thread started
18.05.2018 09:15:52 : INFO : Server started.
18.05.2018 09:17:50 : INFO : MxRT runtime data collection station.
18.05.2018 09:17:50 : INFO : Version 1.0, 2017
18.05.2018 09:17:50 : INFO : Kuzugashev VI, penart@list.ru
18.05.2018 09:17:50 : INFO : Load configuration ...
18.05.2018 09:17:50 : INFO : Configuration loaded.
18.05.2018 09:17:50 : INFO : Runtime con1 connector MxConnectorOPC.dll loaded
18.05.2018 09:17:50 : INFO : Runtime con1 thread started
18.05.2018 09:17:50 : INFO : Server started.
18.05.2018 09:19:15 : INFO : MxRT runtime data collection station.
18.05.2018 09:19:15 : INFO : Version 1.0, 2017
18.05.2018 09:19:15 : INFO : Kuzugashev VI, penart@list.ru
18.05.2018 09:19:15 : INFO : Load configuration ...
18.05.2018 09:19:15 : INFO : Configuration loaded.
18.05.2018 09:19:15 : INFO : Server started.
18.05.2018 09:19:30 : INFO : Server stoped.
18.05.2018 09:20:07 : INFO : MxRT runtime data collection station.
18.05.2018 09:20:07 : INFO : Version 1.0, 2017
18.05.2018 09:20:07 : INFO : Kuzugashev VI, penart@list.ru
18.05.2018 09:20:07 : INFO : Load configuration ...
18.05.2018 09:20:07 : INFO : Configuration loaded.
18.05.2018 09:20:07 : INFO : Server started.
18.05.2018 09:20:21 : INFO : Server stoped.
18.05.2018 09:20:33 : INFO : MxRT runtime data collection station.
18.05.2018 09:20:33 : INFO : Version 1.0, 2017
18.05.2018 09:20:33 : INFO : Kuzugashev VI, penart@list.ru
18.05.2018 09:20:33 : INFO : Load configuration ...
18.05.2018 09:20:33 : INFO : Configuration loaded.
18.05.2018 09:20:33 : INFO : Runtime con1 connector MxConnectorOPC.dll loaded
18.05.2018 09:20:33 : INFO : Runtime con1 thread started
18.05.2018 09:20:33 : INFO : Server started.
18.05.2018 09:24:31 : INFO : MxRT runtime data collection station.
18.05.2018 09:24:31 : INFO : Version 1.0, 2017
18.05.2018 09:24:31 : INFO : Kuzugashev VI, penart@list.ru
18.05.2018 09:24:31 : INFO : Load configuration ...
18.05.2018 09:24:31 : INFO : Configuration loaded.
18.05.2018 09:24:37 : INFO : Runtime con1 connector MxConnectorOPC.dll loaded
18.05.2018 09:26:29 : INFO : MxRT runtime data collection station.
18.05.2018 09:26:29 : INFO : Version 1.0, 2017
18.05.2018 09:26:29 : INFO : Kuzugashev VI, penart@list.ru
18.05.2018 09:26:29 : INFO : Load configuration ...
18.05.2018 09:26:29 : INFO : Configuration loaded.
18.05.2018 09:26:37 : INFO : Runtime con1 connector MxConnectorOPC.dll loaded
18.05.2018 09:35:11 : INFO : MxRT runtime data collection station.
18.05.2018 09:35:11 : INFO : Version 1.0, 2017
18.05.2018 09:35:11 : INFO : Kuzugashev VI, penart@list.ru
18.05.2018 09:35:11 : INFO : Load configuration ...
18.05.2018 09:35:11 : INFO : Configuration loaded.
18.05.2018 09:35:14 : INFO : Runtime con1 connector MxConnectorOPC.dll loaded
18.05.2018 09:36:22 : INFO : MxRT runtime data collection station.
18.05.2018 09:36:22 : INFO : Version 1.0, 2017
18.05.2018 09:36:22 : INFO : Kuzugashev VI, penart@list.ru
18.05.2018 09:36:22 : INFO : Load configuration ...
18.05.2018 09:36:22 : INFO : Configuration loaded.
18.05.2018 09:36:25 : INFO : Runtime con1 connector MxConnectorOPC.dll loaded
18.05.2018 09:45:52 : INFO : MxRT runtime data collection station.
18.05.2018 09:45:52 : INFO : Version 1.0, 2017
18.05.2018 09:45:52 : INFO : Kuzugashev VI, penart@list.ru
18.05.2018 09:45:52 : INFO : Load configuration ...
18.05.2018 09:45:52 : INFO : Configuration loaded.
18.05.2018 09:45:57 : INFO : Runtime con1 connector MxConnectorOPC.dll loaded
18.05.2018 09:51:16 : INFO : MxRT runtime data collection station.
18.05.2018 09:51:16 : INFO : Version 1.0, 2017
18.05.2018 09:51:16 : INFO : Kuzugashev VI, penart@list.ru
18.05.2018 09:51:16 : INFO : Load configuration ...
18.05.2018 09:51:16 : INFO : Configuration loaded.
18.05.2018 09:51:19 : INFO : Runtime con1 connector MxConnectorOPC.dll loaded
18.05.2018 09:56:40 : INFO : MxRT runtime data collection station.
18.05.2018 09:56:40 : INFO : Version 1.0, 2017
18.05.2018 09:56:40 : INFO : Kuzugashev VI, penart@list.ru
18.05.2018 09:56:40 : INFO : Load configuration ...
18.05.2018 09:56:40 : INFO : Configuration loaded.
18.05.2018 09:56:47 : INFO : Runtime con1 connector MxConnectorOPC.dll loaded
18.05.2018 09:59:09 : INFO : MxRT runtime data collection station.
18.05.2018 09:59:09 : INFO : Version 1.0, 2017
18.05.2018 09:59:09 : INFO : Kuzugashev VI, penart@list.ru
18.05.2018 09:59:09 : INFO : Load configuration ...
18.05.2018 09:59:09 : INFO : Configuration loaded.
18.05.2018 09:59:09 : INFO : Runtime con1 thread started
18.05.2018 09:59:09 : INFO : Server started.
18.05.2018 10:01:22 : INFO : MxRT runtime data collection station.
18.05.2018 10:01:22 : INFO : Version 1.0, 2017
18.05.2018 10:01:22 : INFO : Kuzugashev VI, penart@list.ru
18.05.2018 10:01:22 : INFO : Load configuration ...
18.05.2018 10:01:22 : INFO : Configuration loaded.
18.05.2018 10:01:33 : INFO : Runtime con1 connector MxConnectorOPC.dll loaded
18.05.2018 10:01:44 : INFO : Runtime con1 thread started
18.05.2018 10:01:44 : INFO : Server started.
18.05.2018 10:01:58 : INFO : Runtime con1 thread stopped
18.05.2018 10:01:58 : INFO : Server stoped.
18.05.2018 10:02:55 : INFO : MxRT runtime data collection station.
18.05.2018 10:02:55 : INFO : Version 1.0, 2017
18.05.2018 10:02:55 : INFO : Kuzugashev VI, penart@list.ru
18.05.2018 10:02:55 : INFO : Load configuration ...
18.05.2018 10:02:55 : INFO : Configuration loaded.
18.05.2018 10:02:58 : INFO : Runtime con1 connector MxConnectorOPC.dll loaded
18.05.2018 10:02:58 : INFO : Runtime con1 method ConnectorCreate() not found
18.05.2018 10:02:58 : INFO : Runtime con1 thread started
18.05.2018 10:02:58 : INFO : Server started.
18.05.2018 10:03:06 : INFO : Runtime con1 thread stopped
18.05.2018 10:03:06 : INFO : Server stoped.
18.05.2018 10:03:29 : INFO : MxRT runtime data collection station.
18.05.2018 10:03:29 : INFO : Version 1.0, 2017
18.05.2018 10:03:29 : INFO : Kuzugashev VI, penart@list.ru
18.05.2018 10:03:30 : INFO : Load configuration ...
18.05.2018 10:03:30 : INFO : Configuration loaded.
18.05.2018 10:03:32 : INFO : Runtime con1 connector MxConnectorOPC.dll loaded
18.05.2018 10:03:32 : WARN : Runtime con1 method ConnectorCreate() not found
18.05.2018 10:03:32 : INFO : Runtime con1 thread started
18.05.2018 10:03:32 : INFO : Server started.
18.05.2018 10:03:41 : INFO : Runtime con1 thread stopped
18.05.2018 10:03:41 : INFO : Server stoped.
18.05.2018 10:10:34 : INFO : MxRT runtime data collection station.
18.05.2018 10:10:34 : INFO : Version 1.0, 2017
18.05.2018 10:10:34 : INFO : Kuzugashev VI, penart@list.ru
18.05.2018 10:10:34 : INFO : Load configuration ...
18.05.2018 10:10:34 : INFO : Configuration loaded.
18.05.2018 10:10:38 : INFO : Runtime con1 connector MxConnectorOPC.dll loaded
18.05.2018 10:10:47 : INFO : Runtime con1 connector string ICONICS.SimulatorOPCDA
18.05.2018 10:10:51 : INFO : Runtime con1 thread started
18.05.2018 10:10:51 : INFO : Server started.
18.05.2018 10:11:00 : INFO : Runtime con1 thread stopped
18.05.2018 10:11:00 : INFO : Server stoped.
18.05.2018 10:12:00 : INFO : MxRT runtime data collection station.
18.05.2018 10:12:00 : INFO : Version 1.0, 2017
18.05.2018 10:12:00 : INFO : Kuzugashev VI, penart@list.ru
18.05.2018 10:12:00 : INFO : Load configuration ...
18.05.2018 10:12:00 : INFO : Configuration loaded.
18.05.2018 10:12:03 : INFO : Runtime con1 connector MxConnectorOPC.dll loaded
18.05.2018 10:12:10 : INFO : Runtime con1 connector string ICONICS.SimulatorOPCDA
18.05.2018 10:12:10 : INFO : Runtime con1 thread started
18.05.2018 10:12:10 : INFO : Server started.
18.05.2018 10:12:16 : INFO : Runtime con1 thread stopped
18.05.2018 10:12:16 : INFO : Server stoped.
18.05.2018 10:16:31 : INFO : MxRT runtime data collection station.
18.05.2018 10:16:31 : INFO : Version 1.0, 2017
18.05.2018 10:16:31 : INFO : Kuzugashev VI, penart@list.ru
18.05.2018 10:16:31 : INFO : Load configuration ...
18.05.2018 10:16:31 : INFO : Configuration loaded.
18.05.2018 10:16:33 : INFO : Runtime con1 connector MxConnectorOPC.dll loaded
18.05.2018 10:17:20 : INFO : MxRT runtime data collection station.
18.05.2018 10:17:20 : INFO : Version 1.0, 2017
18.05.2018 10:17:20 : INFO : Kuzugashev VI, penart@list.ru
18.05.2018 10:17:20 : INFO : Load configuration ...
18.05.2018 10:17:20 : INFO : Configuration loaded.
18.05.2018 10:17:23 : INFO : Runtime con1 connector MxConnectorOPC.dll loaded
18.05.2018 10:17:37 : WARN : Runtime con1 method ConnectorCreate() not found
18.05.2018 10:17:37 : INFO : Runtime con1 thread started
18.05.2018 10:17:37 : INFO : Server started.
18.05.2018 10:17:41 : INFO : Runtime con1 thread stopped
18.05.2018 10:17:41 : INFO : Server stoped.
18.05.2018 10:19:24 : INFO : MxRT runtime data collection station.
18.05.2018 10:19:24 : INFO : Version 1.0, 2017
18.05.2018 10:19:24 : INFO : Kuzugashev VI, penart@list.ru
18.05.2018 10:19:24 : INFO : Load configuration ...
18.05.2018 10:19:24 : INFO : Configuration loaded.
18.05.2018 10:19:29 : INFO : Runtime con1 connector MxConnectorOPC.dll loaded
18.05.2018 10:19:45 : INFO : Runtime con1 connector string ICONICS.SimulatorOPCDA
18.05.2018 10:19:45 : INFO : Runtime con1 thread started
18.05.2018 10:19:45 : INFO : Server started.
18.05.2018 10:19:58 : INFO : Runtime con1 thread stopped
18.05.2018 10:19:58 : INFO : Server stoped.
18.05.2018 10:23:57 : INFO : MxRT runtime data collection station.
18.05.2018 10:23:57 : INFO : Version 1.0, 2017
18.05.2018 10:23:57 : INFO : Kuzugashev VI, penart@list.ru
18.05.2018 10:23:57 : INFO : Load configuration ...
18.05.2018 10:23:57 : INFO : Configuration loaded.
18.05.2018 10:24:01 : INFO : Runtime con1 connector MxConnectorOPC.dll loaded
18.05.2018 10:24:01 : INFO : Runtime con1 connector string ICONICS.SimulatorOPCDA
18.05.2018 10:24:01 : INFO : Runtime con1 thread started
18.05.2018 10:24:01 : INFO : Server started.
18.05.2018 10:24:10 : INFO : Runtime con1 thread stopped
18.05.2018 10:24:10 : INFO : Server stoped.
18.05.2018 10:36:00 : INFO : MxRT runtime data collection station.
18.05.2018 10:36:00 : INFO : Version 1.0, 2017
18.05.2018 10:36:00 : INFO : Kuzugashev VI, penart@list.ru
18.05.2018 10:36:00 : INFO : Load configuration ...
18.05.2018 10:36:00 : INFO : Configuration loaded.
18.05.2018 10:36:00 : INFO : Runtime con1 connector MxConnectorOPC.dll loaded
18.05.2018 10:36:00 : INFO : Runtime con1 connector string ICONICS.SimulatorOPCDA
18.05.2018 10:36:00 : INFO : Runtime con1 thread started
18.05.2018 10:36:00 : INFO : Server started.
18.05.2018 10:36:13 : INFO : Runtime con1 thread stopped
18.05.2018 10:36:13 : INFO : Server stoped.
18.05.2018 10:36:28 : INFO : MxRT runtime data collection station.
18.05.2018 10:36:28 : INFO : Version 1.0, 2017
18.05.2018 10:36:28 : INFO : Kuzugashev VI, penart@list.ru
18.05.2018 10:36:28 : INFO : Load configuration ...
18.05.2018 10:36:28 : INFO : Configuration loaded.
18.05.2018 10:36:28 : INFO : Runtime con1 connector MxConnectorOPC.dll loaded
18.05.2018 10:36:28 : INFO : Runtime con1 connector string ICONICS.SimulatorOPCDA
18.05.2018 10:36:28 : INFO : Runtime con1 thread started
18.05.2018 10:36:33 : INFO : Modbus started.
18.05.2018 10:36:33 : INFO : Server started.
18.05.2018 10:36:33 : INFO : Modbus port opened!
18.05.2018 10:36:39 : INFO : Modbus closed with error: No error

18.05.2018 10:36:39 : INFO : Modbus stopped.
18.05.2018 10:36:40 : INFO : Runtime con1 thread stopped
18.05.2018 10:36:40 : INFO : Server stoped.
18.05.2018 11:00:27 : INFO : MxRT runtime data collection station.
18.05.2018 11:00:27 : INFO : Version 1.0, 2017
18.05.2018 11:00:27 : INFO : Kuzugashev VI, penart@list.ru
18.05.2018 11:00:27 : INFO : Load configuration ...
18.05.2018 11:00:27 : INFO : Configuration loaded.
18.05.2018 11:00:27 : INFO : Runtime con1 connector MxConnectorOPC.dll loaded
18.05.2018 11:00:27 : INFO : Runtime con1 connector string ICONICS.SimulatorOPCDA
18.05.2018 11:00:27 : INFO : Runtime con1 thread started
18.05.2018 11:00:27 : INFO : Modbus started.
18.05.2018 11:00:27 : INFO : Server started.
18.05.2018 11:00:27 : INFO : Modbus port opened!
18.05.2018 11:46:19 : INFO : MxRT runtime data collection station.
18.05.2018 11:46:19 : INFO : Version 1.0, 2017
18.05.2018 11:46:19 : INFO : Kuzugashev VI, penart@list.ru
18.05.2018 11:46:19 : INFO : Load configuration ...
18.05.2018 11:46:19 : INFO : Configuration loaded.
18.05.2018 11:46:19 : INFO : Runtime con1 connector MxConnectorOPC.dll loaded
18.05.2018 11:46:19 : INFO : Runtime con1 connector string ICONICS.SimulatorOPCDA
18.05.2018 11:46:19 : INFO : Runtime con1 thread started
18.05.2018 11:46:19 : INFO : Modbus started.
18.05.2018 11:46:19 : INFO : Server started.
18.05.2018 11:46:19 : INFO : Modbus port opened!
18.05.2018 11:48:53 : INFO : Modbus closed with error: No error

18.05.2018 11:48:53 : INFO : Modbus stopped.
18.05.2018 11:48:54 : INFO : Runtime con1 thread stopped
18.05.2018 11:48:54 : INFO : Server stoped.
18.05.2018 11:49:16 : INFO : MxRT runtime data collection station.
18.05.2018 11:49:16 : INFO : Version 1.0, 2017
18.05.2018 11:49:16 : INFO : Kuzugashev VI, penart@list.ru
18.05.2018 11:49:16 : INFO : Load configuration ...
18.05.2018 11:49:16 : INFO : Configuration loaded.
18.05.2018 11:49:16 : INFO : Runtime con1 connector MxConnectorOPC.dll loaded
18.05.2018 11:49:16 : INFO : Runtime con1 connector string ICONICS.SimulatorOPCDA
18.05.2018 11:49:16 : INFO : Runtime con1 thread started
18.05.2018 11:49:16 : INFO : Modbus started.
18.05.2018 11:49:16 : INFO : Server started.
18.05.2018 11:49:16 : INFO : Modbus port opened!
18.05.2018 11:49:49 : INFO : Modbus closed with error: No error

18.05.2018 11:49:49 : INFO : Modbus stopped.
18.05.2018 11:49:50 : INFO : Runtime con1 thread stopped
18.05.2018 11:49:50 : INFO : Server stoped.
18.05.2018 11:50:17 : INFO : MxRT runtime data collection station.
18.05.2018 11:50:17 : INFO : Version 1.0, 2017
18.05.2018 11:50:17 : INFO : Kuzugashev VI, penart@list.ru
18.05.2018 11:50:17 : INFO : Load configuration ...
18.05.2018 11:50:17 : INFO : Configuration loaded.
18.05.2018 11:50:17 : INFO : Runtime con1 connector MxConnectorOPC.dll loaded
18.05.2018 11:50:17 : INFO : Runtime con1 connector string ICONICS.SimulatorOPCDA
18.05.2018 11:50:17 : INFO : Runtime con1 thread started
18.05.2018 11:50:17 : INFO : Modbus started.
18.05.2018 11:50:17 : INFO : Server started.
18.05.2018 11:50:17 : INFO : Modbus port opened!
18.05.2018 11:51:20 : INFO : Modbus closed with error: No error

18.05.2018 11:51:20 : INFO : Modbus stopped.
18.05.2018 11:51:20 : INFO : Runtime con1 thread stopped
18.05.2018 11:51:20 : INFO : Server stoped.
18.05.2018 11:51:39 : INFO : MxRT runtime data collection station.
18.05.2018 11:51:39 : INFO : Version 1.0, 2017
18.05.2018 11:51:39 : INFO : Kuzugashev VI, penart@list.ru
18.05.2018 11:51:39 : INFO : Load configuration ...
18.05.2018 11:51:39 : INFO : Configuration loaded.
18.05.2018 11:51:39 : INFO : Runtime con1 connector MxConnectorOPC.dll loaded
18.05.2018 11:51:39 : INFO : Runtime con1 connector string ICONICS.SimulatorOPCDA
18.05.2018 11:51:39 : INFO : Runtime con1 thread started
18.05.2018 11:51:39 : INFO : Modbus started.
18.05.2018 11:51:39 : INFO : Server started.
18.05.2018 11:51:39 : INFO : Modbus port opened!
18.05.2018 11:52:49 : INFO : Modbus closed with error: No error

18.05.2018 11:52:49 : INFO : Modbus stopped.
18.05.2018 11:52:49 : INFO : Runtime con1 thread stopped
18.05.2018 11:52:49 : INFO : Server stoped.
18.05.2018 11:53:11 : INFO : MxRT runtime data collection station.
18.05.2018 11:53:11 : INFO : Version 1.0, 2017
18.05.2018 11:53:11 : INFO : Kuzugashev VI, penart@list.ru
18.05.2018 11:53:11 : INFO : Load configuration ...
18.05.2018 11:53:11 : INFO : Configuration loaded.
18.05.2018 11:53:11 : INFO : Runtime con1 connector MxConnectorOPC.dll loaded
18.05.2018 11:53:11 : INFO : Runtime con1 connector string ICONICS.SimulatorOPCDA
18.05.2018 11:53:11 : INFO : Runtime con1 thread started
18.05.2018 11:53:11 : INFO : Modbus started.
18.05.2018 11:53:11 : INFO : Server started.
18.05.2018 11:53:11 : INFO : Modbus port opened!
18.05.2018 11:55:07 : INFO : Modbus closed with error: No error

18.05.2018 11:55:07 : INFO : Modbus stopped.
18.05.2018 11:55:07 : INFO : Runtime con1 thread stopped
18.05.2018 11:55:07 : INFO : Server stoped.
18.05.2018 11:59:41 : INFO : MxRT runtime data collection station.
18.05.2018 11:59:41 : INFO : Version 1.0, 2017
18.05.2018 11:59:41 : INFO : Kuzugashev VI, penart@list.ru
18.05.2018 11:59:41 : INFO : Load configuration ...
18.05.2018 11:59:41 : INFO : Configuration loaded.
18.05.2018 11:59:41 : INFO : Runtime con1 connector MxConnectorOPC.dll loaded
18.05.2018 11:59:41 : INFO : Runtime con1 connector string ICONICS.SimulatorOPCDA
18.05.2018 11:59:41 : INFO : Runtime con1 thread started
18.05.2018 11:59:41 : INFO : Modbus started.
18.05.2018 11:59:41 : INFO : Server started.
18.05.2018 11:59:41 : INFO : Modbus port opened!
18.05.2018 11:59:50 : INFO : Modbus closed with error: No error

18.05.2018 11:59:50 : INFO : Modbus stopped.
18.05.2018 11:59:50 : INFO : Runtime con1 thread stopped
18.05.2018 11:59:50 : INFO : Server stoped.
18.05.2018 11:59:58 : INFO : MxRT runtime data collection station.
18.05.2018 11:59:58 : INFO : Version 1.0, 2017
18.05.2018 11:59:58 : INFO : Kuzugashev VI, penart@list.ru
18.05.2018 11:59:58 : INFO : Load configuration ...
18.05.2018 11:59:58 : INFO : Configuration loaded.
18.05.2018 11:59:58 : INFO : Runtime con1 connector MxConnectorOPC.dll loaded
18.05.2018 11:59:58 : INFO : Runtime con1 connector string ICONICS.SimulatorOPCDA
18.05.2018 11:59:58 : INFO : Runtime con1 thread started
18.05.2018 11:59:58 : INFO : Modbus started.
18.05.2018 11:59:58 : INFO : Server started.
18.05.2018 11:59:58 : INFO : Modbus port opened!
18.05.2018 12:00:04 : INFO : Modbus closed with error: No error

18.05.2018 12:00:04 : INFO : Modbus stopped.
18.05.2018 12:00:04 : INFO : Runtime con1 thread stopped
18.05.2018 12:00:04 : INFO : Server stoped.
18.05.2018 12:00:29 : INFO : MxRT runtime data collection station.
18.05.2018 12:00:29 : INFO : Version 1.0, 2017
18.05.2018 12:00:29 : INFO : Kuzugashev VI, penart@list.ru
18.05.2018 12:00:29 : INFO : Load configuration ...
18.05.2018 12:00:29 : INFO : Configuration loaded.
18.05.2018 12:00:29 : INFO : Runtime con1 connector MxConnectorOPC.dll loaded
18.05.2018 12:00:29 : INFO : Runtime con1 connector string ICONICS.SimulatorOPCDA
18.05.2018 12:00:29 : INFO : Runtime con1 thread started
18.05.2018 12:00:29 : INFO : Modbus started.
18.05.2018 12:00:29 : INFO : Server started.
18.05.2018 12:00:29 : INFO : Modbus port opened!
18.05.2018 12:01:17 : INFO : Modbus closed with error: No error

18.05.2018 12:01:17 : INFO : Modbus stopped.
18.05.2018 12:01:17 : INFO : Runtime con1 thread stopped
18.05.2018 12:01:17 : INFO : Server stoped.
18.05.2018 12:19:41 : INFO : MxRT runtime data collection station.
18.05.2018 12:19:41 : INFO : Version 1.0, 2017
18.05.2018 12:19:41 : INFO : Kuzugashev VI, penart@list.ru
18.05.2018 12:19:41 : INFO : Load configuration ...
18.05.2018 12:19:41 : INFO : Configuration loaded.
18.05.2018 12:19:41 : INFO : Runtime con1 connector MxConnectorOPC.dll loaded
18.05.2018 12:19:41 : INFO : Runtime con1 connector string ICONICS.SimulatorOPCDA
18.05.2018 12:19:41 : INFO : Runtime con1 thread started
18.05.2018 12:19:41 : INFO : Modbus started.
18.05.2018 12:19:41 : INFO : Modbus port opened!
18.05.2018 12:19:41 : INFO : Server started.
18.05.2018 12:23:23 : INFO : Modbus closed with error: No error

18.05.2018 12:23:23 : INFO : Modbus stopped.
18.05.2018 12:23:23 : INFO : Runtime con1 thread stopped
18.05.2018 12:23:23 : INFO : Server stoped.
18.05.2018 12:46:05 : INFO : MxRT runtime data collection station.
18.05.2018 12:46:05 : INFO : Version 1.0, 2017
18.05.2018 12:46:05 : INFO : Kuzugashev VI, penart@list.ru
18.05.2018 12:46:05 : INFO : Load configuration ...
18.05.2018 12:46:05 : INFO : Configuration loaded.
18.05.2018 12:46:05 : INFO : Runtime con1 connector MxConnectorOPC.dll loaded
18.05.2018 12:46:05 : INFO : Runtime con1 connector string ICONICS.SimulatorOPCDA
18.05.2018 12:46:05 : INFO : Runtime con1 thread started
18.05.2018 12:46:05 : INFO : Modbus started.
18.05.2018 12:46:05 : INFO : Server started.
18.05.2018 12:46:05 : INFO : Modbus port opened!
18.05.2018 12:46:34 : INFO : Modbus closed with error: No error

18.05.2018 12:46:34 : INFO : Modbus stopped.
18.05.2018 12:46:34 : INFO : Runtime con1 thread stopped
18.05.2018 12:46:34 : INFO : Server stoped.
