  modbus-data.c
modbus-data.c(76): warning C4273: modbus_set_bits_from_byte: несовместимая компоновка dll
  e:\workspace\mxrt\modbus\modbus.h(274): note: см. предыдущее определение "modbus_set_bits_from_byte"
modbus-data.c(88): warning C4273: modbus_set_bits_from_bytes: несовместимая компоновка dll
  e:\workspace\mxrt\modbus\modbus.h(275): note: см. предыдущее определение "modbus_set_bits_from_bytes"
modbus-data.c(104): warning C4273: modbus_get_byte_from_bits: несовместимая компоновка dll
  e:\workspace\mxrt\modbus\modbus.h(277): note: см. предыдущее определение "modbus_get_byte_from_bits"
modbus-data.c(123): warning C4273: modbus_get_float_abcd: несовместимая компоновка dll
  e:\workspace\mxrt\modbus\modbus.h(279): note: см. предыдущее определение "modbus_get_float_abcd"
modbus-data.c(135): warning C4273: modbus_get_float_dcba: несовместимая компоновка dll
  e:\workspace\mxrt\modbus\modbus.h(280): note: см. предыдущее определение "modbus_get_float_dcba"
modbus-data.c(147): warning C4273: modbus_get_float_badc: несовместимая компоновка dll
  e:\workspace\mxrt\modbus\modbus.h(281): note: см. предыдущее определение "modbus_get_float_badc"
modbus-data.c(159): warning C4273: modbus_get_float_cdab: несовместимая компоновка dll
  e:\workspace\mxrt\modbus\modbus.h(282): note: см. предыдущее определение "modbus_get_float_cdab"
modbus-data.c(171): warning C4273: modbus_get_float: несовместимая компоновка dll
  e:\workspace\mxrt\modbus\modbus.h(278): note: см. предыдущее определение "modbus_get_float"
modbus-data.c(183): warning C4273: modbus_set_float_abcd: несовместимая компоновка dll
  e:\workspace\mxrt\modbus\modbus.h(285): note: см. предыдущее определение "modbus_set_float_abcd"
modbus-data.c(194): warning C4273: modbus_set_float_dcba: несовместимая компоновка dll
  e:\workspace\mxrt\modbus\modbus.h(286): note: см. предыдущее определение "modbus_set_float_dcba"
modbus-data.c(205): warning C4273: modbus_set_float_badc: несовместимая компоновка dll
  e:\workspace\mxrt\modbus\modbus.h(287): note: см. предыдущее определение "modbus_set_float_badc"
modbus-data.c(216): warning C4273: modbus_set_float_cdab: несовместимая компоновка dll
  e:\workspace\mxrt\modbus\modbus.h(288): note: см. предыдущее определение "modbus_set_float_cdab"
modbus-data.c(227): warning C4273: modbus_set_float: несовместимая компоновка dll
  e:\workspace\mxrt\modbus\modbus.h(284): note: см. предыдущее определение "modbus_set_float"
  modbus-rtu.c
modbus-rtu.c(902): warning C4273: modbus_rtu_set_serial_mode: несовместимая компоновка dll
  e:\workspace\mxrt\modbus\modbus-rtu.h(25): note: см. предыдущее определение "modbus_rtu_set_serial_mode"
modbus-rtu.c(956): warning C4273: modbus_rtu_get_serial_mode: несовместимая компоновка dll
  e:\workspace\mxrt\modbus\modbus-rtu.h(26): note: см. предыдущее определение "modbus_rtu_get_serial_mode"
modbus-rtu.c(980): warning C4273: modbus_rtu_get_rts: несовместимая компоновка dll
  e:\workspace\mxrt\modbus\modbus-rtu.h(33): note: см. предыдущее определение "modbus_rtu_get_rts"
modbus-rtu.c(1004): warning C4273: modbus_rtu_set_rts: несовместимая компоновка dll
  e:\workspace\mxrt\modbus\modbus-rtu.h(32): note: см. предыдущее определение "modbus_rtu_set_rts"
modbus-rtu.c(1040): warning C4273: modbus_rtu_set_custom_rts: несовместимая компоновка dll
  e:\workspace\mxrt\modbus\modbus-rtu.h(35): note: см. предыдущее определение "modbus_rtu_set_custom_rts"
modbus-rtu.c(1065): warning C4273: modbus_rtu_get_rts_delay: несовместимая компоновка dll
  e:\workspace\mxrt\modbus\modbus-rtu.h(38): note: см. предыдущее определение "modbus_rtu_get_rts_delay"
modbus-rtu.c(1090): warning C4273: modbus_rtu_set_rts_delay: несовместимая компоновка dll
  e:\workspace\mxrt\modbus\modbus-rtu.h(37): note: см. предыдущее определение "modbus_rtu_set_rts_delay"
modbus-rtu.c(1224): warning C4273: modbus_new_rtu: несовместимая компоновка dll
  e:\workspace\mxrt\modbus\modbus-rtu.h(19): note: см. предыдущее определение "modbus_new_rtu"
modbus-rtu.c(1264): warning C4996: 'strcpy': This function or variable may be unsafe. Consider using strcpy_s instead. To disable deprecation, use _CRT_SECURE_NO_WARNINGS. See online help for details.
  modbus-tcp.c
modbus-tcp.c(481): warning C4273: modbus_tcp_listen: несовместимая компоновка dll
  e:\workspace\mxrt\modbus\modbus-tcp.h(43): note: см. предыдущее определение "modbus_tcp_listen"
modbus-tcp.c(537): warning C4273: modbus_tcp_pi_listen: несовместимая компоновка dll
  e:\workspace\mxrt\modbus\modbus-tcp.h(47): note: см. предыдущее определение "modbus_tcp_pi_listen"
modbus-tcp.c(649): warning C4273: modbus_tcp_accept: несовместимая компоновка dll
  e:\workspace\mxrt\modbus\modbus-tcp.h(44): note: см. предыдущее определение "modbus_tcp_accept"
modbus-tcp.c(679): warning C4273: modbus_tcp_pi_accept: несовместимая компоновка dll
  e:\workspace\mxrt\modbus\modbus-tcp.h(48): note: см. предыдущее определение "modbus_tcp_pi_accept"
modbus-tcp.c(782): warning C4273: modbus_new_tcp: несовместимая компоновка dll
  e:\workspace\mxrt\modbus\modbus-tcp.h(42): note: см. предыдущее определение "modbus_new_tcp"
modbus-tcp.c(847): warning C4273: modbus_new_tcp_pi: несовместимая компоновка dll
  e:\workspace\mxrt\modbus\modbus-tcp.h(46): note: см. предыдущее определение "modbus_new_tcp_pi"
  modbus.c
modbus.c(44): warning C4273: modbus_strerror: несовместимая компоновка dll
  e:\workspace\mxrt\modbus\modbus.h(206): note: см. предыдущее определение "modbus_strerror"
modbus.c(77): warning C4996: 'strerror': This function or variable may be unsafe. Consider using strerror_s instead. To disable deprecation, use _CRT_SECURE_NO_WARNINGS. See online help for details.
  C:\Program Files (x86)\Windows Kits\10\Include\10.0.10240.0\ucrt\string.h(178): note:  см. объявление "strerror"
modbus.c(112): warning C4273: modbus_flush: несовместимая компоновка dll
  e:\workspace\mxrt\modbus\modbus.h(203): note: см. предыдущее определение "modbus_flush"
modbus.c(211): warning C4273: modbus_send_raw_request: несовместимая компоновка dll
  e:\workspace\mxrt\modbus\modbus.h(232): note: см. предыдущее определение "modbus_send_raw_request"
modbus.c(484): warning C4273: modbus_receive: несовместимая компоновка dll
  e:\workspace\mxrt\modbus\modbus.h(234): note: см. предыдущее определение "modbus_receive"
modbus.c(502): warning C4273: modbus_receive_confirmation: несовместимая компоновка dll
  e:\workspace\mxrt\modbus\modbus.h(236): note: см. предыдущее определение "modbus_receive_confirmation"
modbus.c(707): warning C4273: modbus_reply: несовместимая компоновка dll
  e:\workspace\mxrt\modbus\modbus.h(238): note: см. предыдущее определение "modbus_reply"
modbus.c(1005): warning C4273: modbus_reply_exception: несовместимая компоновка dll
  e:\workspace\mxrt\modbus\modbus.h(240): note: см. предыдущее определение "modbus_reply_exception"
modbus.c(1085): warning C4273: modbus_read_bits: несовместимая компоновка dll
  e:\workspace\mxrt\modbus\modbus.h(208): note: см. предыдущее определение "modbus_read_bits"
modbus.c(1114): warning C4273: modbus_read_input_bits: несовместимая компоновка dll
  e:\workspace\mxrt\modbus\modbus.h(209): note: см. предыдущее определение "modbus_read_input_bits"
modbus.c(1189): warning C4273: modbus_read_registers: несовместимая компоновка dll
  e:\workspace\mxrt\modbus\modbus.h(210): note: см. предыдущее определение "modbus_read_registers"
modbus.c(1215): warning C4273: modbus_read_input_registers: несовместимая компоновка dll
  e:\workspace\mxrt\modbus\modbus.h(211): note: см. предыдущее определение "modbus_read_input_registers"
modbus.c(1269): warning C4273: modbus_write_bit: несовместимая компоновка dll
  e:\workspace\mxrt\modbus\modbus.h(212): note: см. предыдущее определение "modbus_write_bit"
modbus.c(1281): warning C4273: modbus_write_register: несовместимая компоновка dll
  e:\workspace\mxrt\modbus\modbus.h(213): note: см. предыдущее определение "modbus_write_register"
modbus.c(1292): warning C4273: modbus_write_bits: несовместимая компоновка dll
  e:\workspace\mxrt\modbus\modbus.h(214): note: см. предыдущее определение "modbus_write_bits"
modbus.c(1355): warning C4273: modbus_write_registers: несовместимая компоновка dll
  e:\workspace\mxrt\modbus\modbus.h(215): note: см. предыдущее определение "modbus_write_registers"
modbus.c(1403): warning C4273: modbus_mask_write_register: несовместимая компоновка dll
  e:\workspace\mxrt\modbus\modbus.h(216): note: см. предыдущее определение "modbus_mask_write_register"
modbus.c(1446): warning C4273: modbus_write_and_read_registers: несовместимая компоновка dll
  e:\workspace\mxrt\modbus\modbus.h(217): note: см. предыдущее определение "modbus_write_and_read_registers"
modbus.c(1520): warning C4273: modbus_report_slave_id: несовместимая компоновка dll
  e:\workspace\mxrt\modbus\modbus.h(220): note: см. предыдущее определение "modbus_report_slave_id"
modbus.c(1583): warning C4273: modbus_set_slave: несовместимая компоновка dll
  e:\workspace\mxrt\modbus\modbus.h(181): note: см. предыдущее определение "modbus_set_slave"
modbus.c(1593): warning C4273: modbus_get_slave: несовместимая компоновка dll
  e:\workspace\mxrt\modbus\modbus.h(182): note: см. предыдущее определение "modbus_get_slave"
modbus.c(1604): warning C4273: modbus_set_error_recovery: несовместимая компоновка dll
  e:\workspace\mxrt\modbus\modbus.h(183): note: см. предыдущее определение "modbus_set_error_recovery"
modbus.c(1616): warning C4273: modbus_set_socket: несовместимая компоновка dll
  e:\workspace\mxrt\modbus\modbus.h(184): note: см. предыдущее определение "modbus_set_socket"
modbus.c(1627): warning C4273: modbus_get_socket: несовместимая компоновка dll
  e:\workspace\mxrt\modbus\modbus.h(185): note: см. предыдущее определение "modbus_get_socket"
modbus.c(1638): warning C4273: modbus_get_response_timeout: несовместимая компоновка dll
  e:\workspace\mxrt\modbus\modbus.h(187): note: см. предыдущее определение "modbus_get_response_timeout"
modbus.c(1650): warning C4273: modbus_set_response_timeout: несовместимая компоновка dll
  e:\workspace\mxrt\modbus\modbus.h(188): note: см. предыдущее определение "modbus_set_response_timeout"
modbus.c(1664): warning C4273: modbus_get_byte_timeout: несовместимая компоновка dll
  e:\workspace\mxrt\modbus\modbus.h(190): note: см. предыдущее определение "modbus_get_byte_timeout"
modbus.c(1676): warning C4273: modbus_set_byte_timeout: несовместимая компоновка dll
  e:\workspace\mxrt\modbus\modbus.h(191): note: см. предыдущее определение "modbus_set_byte_timeout"
modbus.c(1690): warning C4273: modbus_get_indication_timeout: несовместимая компоновка dll
  e:\workspace\mxrt\modbus\modbus.h(193): note: см. предыдущее определение "modbus_get_indication_timeout"
modbus.c(1702): warning C4273: modbus_set_indication_timeout: несовместимая компоновка dll
  e:\workspace\mxrt\modbus\modbus.h(194): note: см. предыдущее определение "modbus_set_indication_timeout"
modbus.c(1715): warning C4273: modbus_get_header_length: несовместимая компоновка dll
  e:\workspace\mxrt\modbus\modbus.h(196): note: см. предыдущее определение "modbus_get_header_length"
modbus.c(1725): warning C4273: modbus_connect: несовместимая компоновка dll
  e:\workspace\mxrt\modbus\modbus.h(198): note: см. предыдущее определение "modbus_connect"
modbus.c(1735): warning C4273: modbus_close: несовместимая компоновка dll
  e:\workspace\mxrt\modbus\modbus.h(199): note: см. предыдущее определение "modbus_close"
modbus.c(1743): warning C4273: modbus_free: несовместимая компоновка dll
  e:\workspace\mxrt\modbus\modbus.h(201): note: см. предыдущее определение "modbus_free"
modbus.c(1751): warning C4273: modbus_set_debug: несовместимая компоновка dll
  e:\workspace\mxrt\modbus\modbus.h(204): note: см. предыдущее определение "modbus_set_debug"
modbus.c(1772): warning C4273: modbus_mapping_new_start_address: несовместимая компоновка dll
  e:\workspace\mxrt\modbus\modbus.h(222): note: см. предыдущее определение "modbus_mapping_new_start_address"
modbus.c(1853): warning C4273: modbus_mapping_new: несовместимая компоновка dll
  e:\workspace\mxrt\modbus\modbus.h(228): note: см. предыдущее определение "modbus_mapping_new"
modbus.c(1860): warning C4273: modbus_mapping_free: несовместимая компоновка dll
  e:\workspace\mxrt\modbus\modbus.h(230): note: см. предыдущее определение "modbus_mapping_free"
  Создание кода...
     Создается библиотека E:\workspace\MxRT\Release\Modbus.lib и объект E:\workspace\MxRT\Release\Modbus.exp
modbus-rtu.obj : warning LNK4217: локально определенный символ _modbus_free импортирован в функцию _modbus_new_rtu
modbus-tcp.obj : warning LNK4217: локально определенный символ _modbus_free импортирован в функцию __modbus_tcp_set_ipv4_options
modbus.obj : warning LNK4217: локально определенный символ _modbus_set_bits_from_bytes импортирован в функцию _modbus_reply
  Modbus.vcxproj -> E:\workspace\MxRT\Release\Modbus.dll
