c:\users\v_kuzugashev.sib\documents\visual studio 2017\projects\mxrt\modbus\release\vc141.pdb
c:\users\v_kuzugashev.sib\documents\visual studio 2017\projects\mxrt\modbus\release\modbus.obj
c:\users\v_kuzugashev.sib\documents\visual studio 2017\projects\mxrt\modbus\release\modbus-tcp.obj
c:\users\v_kuzugashev.sib\documents\visual studio 2017\projects\mxrt\modbus\release\modbus-rtu.obj
c:\users\v_kuzugashev.sib\documents\visual studio 2017\projects\mxrt\modbus\release\modbus-data.obj
c:\users\v_kuzugashev.sib\documents\visual studio 2017\projects\mxrt\release\modbus.dll
c:\users\v_kuzugashev.sib\documents\visual studio 2017\projects\mxrt\release\modbus.pdb
c:\users\v_kuzugashev.sib\documents\visual studio 2017\projects\mxrt\release\modbus.lib
c:\users\v_kuzugashev.sib\documents\visual studio 2017\projects\mxrt\release\modbus.exp
e:\workspace\mxrt\modbus\release\modbus-data.obj
e:\workspace\mxrt\modbus\release\modbus-rtu.obj
e:\workspace\mxrt\modbus\release\modbus-tcp.obj
e:\workspace\mxrt\modbus\release\modbus.obj
e:\workspace\mxrt\modbus\release\vc141.pdb
e:\workspace\mxrt\release\modbus.pdb
e:\workspace\mxrt\release\modbus.dll
e:\workspace\mxrt\modbus\release\modbus.tlog\cl.command.1.tlog
e:\workspace\mxrt\modbus\release\modbus.tlog\cl.read.1.tlog
e:\workspace\mxrt\modbus\release\modbus.tlog\cl.write.1.tlog
e:\workspace\mxrt\modbus\release\modbus.tlog\link.command.1.tlog
e:\workspace\mxrt\modbus\release\modbus.tlog\link.read.1.tlog
e:\workspace\mxrt\modbus\release\modbus.tlog\link.write.1.tlog
e:\workspace\mxrt\modbus\release\modbus.tlog\modbus.write.1u.tlog
