c:\users\v_kuzugashev.sib\documents\visual studio 2017\projects\mxrt\mxrt\release\vc141.pdb
c:\users\v_kuzugashev.sib\documents\visual studio 2017\projects\mxrt\mxrt\release\mxtag.obj
c:\users\v_kuzugashev.sib\documents\visual studio 2017\projects\mxrt\mxrt\release\mxstorage.obj
c:\users\v_kuzugashev.sib\documents\visual studio 2017\projects\mxrt\mxrt\release\mxserver.obj
c:\users\v_kuzugashev.sib\documents\visual studio 2017\projects\mxrt\mxrt\release\mxscanclass.obj
c:\users\v_kuzugashev.sib\documents\visual studio 2017\projects\mxrt\mxrt\release\mxruntime.obj
c:\users\v_kuzugashev.sib\documents\visual studio 2017\projects\mxrt\mxrt\release\mxmodbus.obj
c:\users\v_kuzugashev.sib\documents\visual studio 2017\projects\mxrt\mxrt\release\main.obj
c:\users\v_kuzugashev.sib\documents\visual studio 2017\projects\mxrt\release\mxrt.exe
c:\users\v_kuzugashev.sib\documents\visual studio 2017\projects\mxrt\release\mxrt.pdb
e:\workspace\mxrt\mxrt\release\main.obj
e:\workspace\mxrt\mxrt\release\mxmodbus.obj
e:\workspace\mxrt\mxrt\release\mxruntime.obj
e:\workspace\mxrt\mxrt\release\mxscanclass.obj
e:\workspace\mxrt\mxrt\release\mxserver.obj
e:\workspace\mxrt\mxrt\release\mxstorage.obj
e:\workspace\mxrt\mxrt\release\mxtag.obj
e:\workspace\mxrt\mxrt\release\vc141.pdb
e:\workspace\mxrt\release\mxrt.pdb
e:\workspace\mxrt\release\mxrt.exe
e:\workspace\mxrt\mxrt\release\mxrt.tlog\cl.command.1.tlog
e:\workspace\mxrt\mxrt\release\mxrt.tlog\cl.read.1.tlog
e:\workspace\mxrt\mxrt\release\mxrt.tlog\cl.write.1.tlog
e:\workspace\mxrt\mxrt\release\mxrt.tlog\link.command.1.tlog
e:\workspace\mxrt\mxrt\release\mxrt.tlog\link.read.1.tlog
e:\workspace\mxrt\mxrt\release\mxrt.tlog\link.write.1.tlog
