c:\users\v_kuzugashev.sib\documents\visual studio 2017\projects\mxrt\opcclienttoolkit\debug\opcclienttoolkit.pdb
c:\users\v_kuzugashev.sib\documents\visual studio 2017\projects\mxrt\opcclienttoolkit\debug\opcclienttoolkit.idb
c:\users\v_kuzugashev.sib\documents\visual studio 2017\projects\mxrt\opcclienttoolkit\debug\opcclient.obj
c:\users\v_kuzugashev.sib\documents\visual studio 2017\projects\mxrt\opcclienttoolkit\debug\opcgroup.obj
c:\users\v_kuzugashev.sib\documents\visual studio 2017\projects\mxrt\opcclienttoolkit\debug\opchost.obj
c:\users\v_kuzugashev.sib\documents\visual studio 2017\projects\mxrt\opcclienttoolkit\debug\opcitem.obj
c:\users\v_kuzugashev.sib\documents\visual studio 2017\projects\mxrt\opcclienttoolkit\debug\opcitemdata.obj
c:\users\v_kuzugashev.sib\documents\visual studio 2017\projects\mxrt\opcclienttoolkit\debug\opcproperties.obj
c:\users\v_kuzugashev.sib\documents\visual studio 2017\projects\mxrt\opcclienttoolkit\debug\opcserver.obj
c:\users\v_kuzugashev.sib\documents\visual studio 2017\projects\mxrt\opcclienttoolkit\debug\stdafx.obj
c:\users\v_kuzugashev.sib\documents\visual studio 2017\projects\mxrt\opcclienttoolkit\debug\transaction.obj
c:\users\v_kuzugashev.sib\documents\visual studio 2017\projects\mxrt\opcclienttoolkit\debug\opccomn_i.obj
c:\users\v_kuzugashev.sib\documents\visual studio 2017\projects\mxrt\opcclienttoolkit\debug\opcda_i.obj
c:\users\v_kuzugashev.sib\documents\visual studio 2017\projects\mxrt\opcclienttoolkit\debug\opcenum_i.obj
c:\users\v_kuzugashev.sib\documents\visual studio 2017\projects\mxrt\debug\opcclienttoolkit32d.lib
c:\users\v_kuzugashev.sib\documents\visual studio 2017\projects\mxrt\debug\opcclienttoolkit.pdb
c:\users\v_kuzugashev.sib\documents\visual studio 2017\projects\mxrt\opcclienttoolkit\debug\opcclienttoolkit.tlog\cl.command.1.tlog
c:\users\v_kuzugashev.sib\documents\visual studio 2017\projects\mxrt\opcclienttoolkit\debug\opcclienttoolkit.tlog\cl.read.1.tlog
c:\users\v_kuzugashev.sib\documents\visual studio 2017\projects\mxrt\opcclienttoolkit\debug\opcclienttoolkit.tlog\cl.write.1.tlog
c:\users\v_kuzugashev.sib\documents\visual studio 2017\projects\mxrt\opcclienttoolkit\debug\opcclienttoolkit.tlog\lib-link.read.1.tlog
c:\users\v_kuzugashev.sib\documents\visual studio 2017\projects\mxrt\opcclienttoolkit\debug\opcclienttoolkit.tlog\lib-link.write.1.tlog
c:\users\v_kuzugashev.sib\documents\visual studio 2017\projects\mxrt\opcclienttoolkit\debug\opcclienttoolkit.tlog\lib.command.1.tlog
