  OPCClient.cpp
  OPCGroup.cpp
  OPCHost.cpp
OPCHost.cpp(123): warning C4477: "sprintf_s": в строке форматирования "%s" требуется аргумент типа "char *", но вариативный аргумент "1" имеет тип "LPOLESTR"
  OPCHost.cpp(123): note: рекомендуется использовать "%ls" в строке форматирования
  OPCHost.cpp(123): note: рекомендуется использовать "%lls" в строке форматирования
  OPCHost.cpp(123): note: рекомендуется использовать "%Ls" в строке форматирования
  OPCHost.cpp(123): note: рекомендуется использовать "%ws" в строке форматирования
  OPCItem.cpp
  OPCItemData.cpp
  OPCProperties.cpp
  OPCServer.cpp
  stdafx.cpp
  Transaction.cpp
  Создание кода...
  opccomn_i.c
  opcda_i.c
  OpcEnum_i.c
  Создание кода...
C:\Program Files (x86)\Microsoft Visual Studio\2017\Community\Common7\IDE\VC\VCTargets\Microsoft.CppBuild.targets(1369,5): warning MSB8012: TargetPath(C:\Users\v_kuzugashev.SIB\Documents\Visual Studio 2017\Projects\MxRT\Release\OPCClientToolKit.lib) не соответствует значению свойства выходного файла (C:\Users\v_kuzugashev.SIB\Documents\Visual Studio 2017\Projects\MxRT\Release\OPCClientToolKit32.lib) для Library. Это может привести к неправильной сборке проекта. Чтобы исправить это, убедитесь, что значения свойств $(OutDir), $(TargetName) и $(TargetExt) соответствуют значению, указанному в %(Lib.OutputFile).
C:\Program Files (x86)\Microsoft Visual Studio\2017\Community\Common7\IDE\VC\VCTargets\Microsoft.CppBuild.targets(1371,5): warning MSB8012: TargetName(OPCClientToolKit) не соответствует значению свойства выходного файла (OPCClientToolKit32) для Library. Это может привести к неправильной сборке проекта. Чтобы исправить это, убедитесь, что значения свойств $(OutDir), $(TargetName) и $(TargetExt) соответствуют значению, указанному в %(Lib.OutputFile).
  OPCClientToolKit.vcxproj -> C:\Users\v_kuzugashev.SIB\Documents\Visual Studio 2017\Projects\MxRT\Release\OPCClientToolKit.lib
